<?xml version="1.0" encoding="UTF-8"?>
<testsuite xmlns:xsi="http://www.w3.org/2001/XMLSchema-instance" xsi:noNamespaceSchemaLocation="https://maven.apache.org/surefire/maven-surefire-plugin/xsd/surefire-test-report-3.0.xsd" version="3.0" name="Location" time="19.905" tests="2" errors="0" skipped="0" failures="0">
  <properties>
[...]
</properties>
  <testcase name="To check UI of location screen" classname="Location" time="8.102">
    <system-out><![CDATA[SLF4J: No SLF4J providers were found.
SLF4J: Defaulting to no-operation (NOP) logger implementation
SLF4J: See https://www.slf4j.org/codes.html#noProviders for further details.
SLF4J: Class path contains SLF4J bindings targeting slf4j-api versions 1.7.x or earlier.
SLF4J: Ignoring binding found at [jar:file:/C:/Users/ue/.m2/repository/org/slf4j/slf4j-simple/1.7.36/slf4j-simple-1.7.36.jar!/org/slf4j/impl/StaticLoggerBinder.class]
SLF4J: See https://www.slf4j.org/codes.html#ignoredBindings for an explanation.
┌───────────────────────────────────────────────────────────────────────────────────┐
│ Share your Cucumber Report with your team at https://reports.cucumber.io          │
│ Activate publishing with one of the following:                                    │
│                                                                                   │
│ src/test/resources/cucumber.properties:          cucumber.publish.enabled=true    │
│ src/test/resources/junit-platform.properties:    cucumber.publish.enabled=true    │
│ Environment variable:                            CUCUMBER_PUBLISH_ENABLED=true    │
│ JUnit:                                           @CucumberOptions(publish = true) │
│                                                                                   │
│ More information at https://cucumber.io/docs/cucumber/environment-variables/      │
│                                                                                   │
│ Disable this message with one of the following:                                   │
│                                                                                   │
│ src/test/resources/cucumber.properties:          cucumber.publish.quiet=true      │
│ src/test/resources/junit-platform.properties:    cucumber.publish.quiet=true      │
└───────────────────────────────────────────────────────────────────────────────────┘


@Client @ClientLogin @e2elocationtest
Scenario: To check UI of location screen                                                # src/test/java/pooja/cucumber/demo/tests/feature/user/Location.feature:7
  Given Open browser for application                                                    # pooja.cucumber.demo.tests.stepDefinations.user.LoginTests.open_browser_for_application()
  When User clicks on Location button                                                   # pooja.cucumber.demo.tests.stepDefinations.user.LocationTests.user_clicks_on_location_button()
  Then User can see heading message "Help us find services near you" on location screen # pooja.cucumber.demo.tests.stepDefinations.user.LocationTests.user_can_see_heading_message_something_on_location_screen(java.lang.String)
  And User can see input location textbox                                               # pooja.cucumber.demo.tests.stepDefinations.user.LocationTests.user_can_see_input_location_textbox()
  And User can see Locate me button                                                     # pooja.cucumber.demo.tests.stepDefinations.user.LocationTests.user_can_see_locate_me_button()
]]></system-out>
    <system-err><![CDATA[ERROR StatusLogger Log4j2 could not find a logging implementation. Please add log4j-core to the classpath. Using SimpleLogger to log to the console...
Starting ChromeDriver 111.0.5563.64 (c710e93d5b63b7095afe8c2c17df34408078439d-refs/branch-heads/5563@{#995}) on port 2571
Only local connections are allowed.
Please see https://chromedriver.chromium.org/security-considerations for suggestions on keeping ChromeDriver safe.
ChromeDriver was started successfully.
Apr 11, 2023 7:01:31 AM org.openqa.selenium.devtools.CdpVersionFinder findNearestMatch
WARNING: Unable to find an exact match for CDP version 111, so returning the closest version found: 110
]]></system-err>
  </testcase>
  <testcase name="To select particular valid location" classname="Location" time="11.803">
    <system-out><![CDATA[
@Client @ClientLogin @e2elocationtest
Scenario Outline: To select particular valid location            # src/test/java/pooja/cucumber/demo/tests/feature/user/Location.feature:21
  Given Open browser for application                             # pooja.cucumber.demo.tests.stepDefinations.user.LoginTests.open_browser_for_application()
  When User clicks on Location button                            # pooja.cucumber.demo.tests.stepDefinations.user.LocationTests.user_clicks_on_location_button()
  And User enter location as Pune Maharashtra on location screen # pooja.cucumber.demo.tests.stepDefinations.user.LocationTests.user_enter_location_as_on_location_screen(java.lang.String)
  And User selects location from dropdown listz                  # pooja.cucumber.demo.tests.stepDefinations.user.LocationTests.user_selects_location_from_dropdown_listz()
  Then User can see location is set successfully on homepage     # pooja.cucumber.demo.tests.stepDefinations.user.LocationTests.user_can_see_location_is_set_successfully_on_homepage()
]]></system-out>
  </testcase>
</testsuite>