<?xml version="1.0" encoding="UTF-8"?>
<testsuite xmlns:xsi="http://www.w3.org/2001/XMLSchema-instance" xsi:noNamespaceSchemaLocation="https://maven.apache.org/surefire/maven-surefire-plugin/xsd/surefire-test-report-3.0.xsd" version="3.0" name="New User Login" time="17.282" tests="1" errors="0" skipped="0" failures="1">
  <properties>
[...]
</properties>
  <testcase name="To fill correct data on new user login screen or create New User Profile" classname="New User Login" time="17.282">
    <failure message="Element not found {By.xpath: //p[contains(@class,&apos;css-ftzbya&apos;)]}&#10;Expected: exist&#10;Screenshot: file:/D:/Pawzeeble-Infosol-LLP/Pawzeeble/build/reports/tests/1681979517555.0.png&#10;Page source: file:/D:/Pawzeeble-Infosol-LLP/Pawzeeble/build/reports/tests/1681979517555.0.html&#10;Timeout: 4 s.&#10;Caused by: NoSuchElementException: no such element: Unable to locate element: {&quot;method&quot;:&quot;xpath&quot;,&quot;selector&quot;:&quot;//p[contains(@class,&apos;css-ftzbya&apos;)]&quot;}" type="com.codeborne.selenide.ex.ElementNotFound"><![CDATA[com.codeborne.selenide.ex.ElementNotFound: 
Element not found {By.xpath: //p[contains(@class,'css-ftzbya')]}
Expected: exist
Screenshot: file:/D:/Pawzeeble-Infosol-LLP/Pawzeeble/build/reports/tests/1681979517555.0.png
Page source: file:/D:/Pawzeeble-Infosol-LLP/Pawzeeble/build/reports/tests/1681979517555.0.html
Timeout: 4 s.
Caused by: NoSuchElementException: no such element: Unable to locate element: {"method":"xpath","selector":"//p[contains(@class,'css-ftzbya')]"}
Caused by: org.openqa.selenium.NoSuchElementException: 
no such element: Unable to locate element: {"method":"xpath","selector":"//p[contains(@class,'css-ftzbya')]"}
  (Session info: chrome=111.0.5563.149)
For documentation on this error, please visit: https://selenium.dev/exceptions/#no_such_element
Build info: version: '4.8.1', revision: '8ebccac989'
System info: os.name: 'Windows 10', os.arch: 'amd64', os.version: '10.0', java.version: '11.0.16.1'
Driver info: org.openqa.selenium.chrome.ChromeDriver
Command: [0b509795d964c40ceaf3476b1b6a4c28, findElement {using=xpath, value=//p[contains(@class,'css-ftzbya')]}]
Capabilities {acceptInsecureCerts: true, browserName: chrome, browserVersion: 111.0.5563.149, chrome: {chromedriverVersion: 111.0.5563.64 (c710e93d5b63..., userDataDir: C:\Users\ue\AppData\Local\T...}, goog:chromeOptions: {debuggerAddress: localhost:57772}, networkConnectionEnabled: false, pageLoadStrategy: normal, platformName: WINDOWS, proxy: Proxy(), se:cdp: ws://localhost:57772/devtoo..., se:cdpVersion: 111.0.5563.149, setWindowRect: true, strictFileInteractability: false, timeouts: {implicit: 0, pageLoad: 300000, script: 30000}, unhandledPromptBehavior: accept, webauthn:extension:credBlob: true, webauthn:extension:largeBlob: true, webauthn:extension:minPinLength: true, webauthn:extension:prf: true, webauthn:virtualAuthenticators: true}
Session ID: 0b509795d964c40ceaf3476b1b6a4c28
]]></failure>
    <system-out><![CDATA[
@Client @ClientLogin @nul @SmokeTest
Scenario Outline: To fill correct data on new user login screen or create New User Profile # src/test/java/pooja/cucumber/demo/tests/feature/user/NewUserLogin.feature:89
  Given Open browser for application                                                       # pooja.cucumber.demo.tests.stepDefinations.user.LoginTests.open_browser_for_application()
  When User on New User Profile screen with mobile number as 8527834259                    # pooja.cucumber.demo.tests.stepDefinations.user.UserProfileTests.user_on_new_user_profile_screen_with_mobile_number_as(java.lang.String)
      Element not found {By.xpath: //p[contains(@class,'css-ftzbya')]}
Expected: exist
Screenshot: file:/D:/Pawzeeble-Infosol-LLP/Pawzeeble/build/reports/tests/1681979517555.0.png
Page source: file:/D:/Pawzeeble-Infosol-LLP/Pawzeeble/build/reports/tests/1681979517555.0.html
Timeout: 4 s.
Caused by: NoSuchElementException: no such element: Unable to locate element: {"method":"xpath","selector":"//p[contains(@class,'css-ftzbya')]"}
	at com.codeborne.selenide.impl.WebElementSource.createElementNotFoundError(WebElementSource.java:88)
	at com.codeborne.selenide.impl.ElementFinder.createElementNotFoundError(ElementFinder.java:142)
	at com.codeborne.selenide.impl.WebElementSource.handleError(WebElementSource.java:140)
	at com.codeborne.selenide.impl.WebElementSource.checkConditionAndReturnElement(WebElementSource.java:124)
	at com.codeborne.selenide.impl.WebElementSource.checkCondition(WebElementSource.java:101)
	at com.codeborne.selenide.commands.Should.execute(Should.java:30)
	at com.codeborne.selenide.commands.Should.execute(Should.java:14)
	at com.codeborne.selenide.commands.Commands.execute(Commands.java:159)
	at com.codeborne.selenide.impl.SelenideElementProxy.dispatchAndRetry(SelenideElementProxy.java:132)
	at com.codeborne.selenide.impl.SelenideElementProxy.invoke(SelenideElementProxy.java:84)
	at com.sun.proxy.$Proxy22.should(Unknown Source)
	at pooja.cucumber.demo.pageObject.client.NewUserloginForm.verifyPageHeadingDisplayed(NewUserloginForm.java:62)
	at pooja.cucumber.demo.tests.stepDefinations.user.UserProfileTests.user_on_new_user_profile_screen_with_mobile_number_as(UserProfileTests.java:105)
	at âœ½.User on New User Profile screen with mobile number as 8527834259(file:///D:/Pawzeeble-Infosol-LLP/Pawzeeble/src/test/java/pooja/cucumber/demo/tests/feature/user/NewUserLogin.feature:77)
Caused by: org.openqa.selenium.NoSuchElementException: no such element: Unable to locate element: {"method":"xpath","selector":"//p[contains(@class,'css-ftzbya')]"}
  (Session info: chrome=111.0.5563.149)
For documentation on this error, please visit: https://selenium.dev/exceptions/#no_such_element
Build info: version: '4.8.1', revision: '8ebccac989'
System info: os.name: 'Windows 10', os.arch: 'amd64', os.version: '10.0', java.version: '11.0.16.1'
Driver info: org.openqa.selenium.chrome.ChromeDriver
Command: [0b509795d964c40ceaf3476b1b6a4c28, findElement {using=xpath, value=//p[contains(@class,'css-ftzbya')]}]
Capabilities {acceptInsecureCerts: true, browserName: chrome, browserVersion: 111.0.5563.149, chrome: {chromedriverVersion: 111.0.5563.64 (c710e93d5b63..., userDataDir: C:\Users\ue\AppData\Local\T...}, goog:chromeOptions: {debuggerAddress: localhost:57772}, networkConnectionEnabled: false, pageLoadStrategy: normal, platformName: WINDOWS, proxy: Proxy(), se:cdp: ws://localhost:57772/devtoo..., se:cdpVersion: 111.0.5563.149, setWindowRect: true, strictFileInteractability: false, timeouts: {implicit: 0, pageLoad: 300000, script: 30000}, unhandledPromptBehavior: accept, webauthn:extension:credBlob: true, webauthn:extension:largeBlob: true, webauthn:extension:minPinLength: true, webauthn:extension:prf: true, webauthn:virtualAuthenticators: true}
Session ID: 0b509795d964c40ceaf3476b1b6a4c28
	at jdk.internal.reflect.GeneratedConstructorAccessor13.newInstance(Unknown Source)
	at java.base/jdk.internal.reflect.DelegatingConstructorAccessorImpl.newInstance(DelegatingConstructorAccessorImpl.java:45)
	at java.base/java.lang.reflect.Constructor.newInstance(Constructor.java:490)
	at org.openqa.selenium.remote.codec.w3c.W3CHttpResponseCodec.createException(W3CHttpResponseCodec.java:200)
	at org.openqa.selenium.remote.codec.w3c.W3CHttpResponseCodec.decode(W3CHttpResponseCodec.java:133)
	at org.openqa.selenium.remote.codec.w3c.W3CHttpResponseCodec.decode(W3CHttpResponseCodec.java:53)
	at org.openqa.selenium.remote.HttpCommandExecutor.execute(HttpCommandExecutor.java:184)
	at org.openqa.selenium.remote.service.DriverCommandExecutor.invokeExecute(DriverCommandExecutor.java:167)
	at org.openqa.selenium.remote.service.DriverCommandExecutor.execute(DriverCommandExecutor.java:142)
	at org.openqa.selenium.remote.RemoteWebDriver.execute(RemoteWebDriver.java:543)
	at org.openqa.selenium.remote.ElementLocation$ElementFinder$2.findElement(ElementLocation.java:162)
	at org.openqa.selenium.remote.ElementLocation.findElement(ElementLocation.java:60)
	at org.openqa.selenium.remote.RemoteWebDriver.findElement(RemoteWebDriver.java:352)
	at org.openqa.selenium.remote.RemoteWebDriver.findElement(RemoteWebDriver.java:344)
	at com.codeborne.selenide.impl.WebElementSelector.findElement(WebElementSelector.java:70)
	at com.codeborne.selenide.impl.WebElementSelector.findElement(WebElementSelector.java:44)
	at com.codeborne.selenide.impl.WebElementSelector.findElement(WebElementSelector.java:33)
	at com.codeborne.selenide.impl.ElementFinder.getWebElement(ElementFinder.java:122)
	at com.codeborne.selenide.impl.WebElementSource.checkConditionAndReturnElement(WebElementSource.java:113)
	at com.codeborne.selenide.impl.WebElementSource.checkCondition(WebElementSource.java:101)
	at com.codeborne.selenide.commands.Should.execute(Should.java:30)
	at com.codeborne.selenide.commands.Should.execute(Should.java:14)
	at com.codeborne.selenide.commands.Commands.execute(Commands.java:159)
	at com.codeborne.selenide.impl.SelenideElementProxy.dispatchAndRetry(SelenideElementProxy.java:132)
	at com.codeborne.selenide.impl.SelenideElementProxy.invoke(SelenideElementProxy.java:84)
	at com.sun.proxy.$Proxy22.should(Unknown Source)
	at pooja.cucumber.demo.pageObject.client.NewUserloginForm.verifyPageHeadingDisplayed(NewUserloginForm.java:62)
	at pooja.cucumber.demo.tests.stepDefinations.user.UserProfileTests.user_on_new_user_profile_screen_with_mobile_number_as(UserProfileTests.java:105)
	at java.base/jdk.internal.reflect.NativeMethodAccessorImpl.invoke0(Native Method)
	at java.base/jdk.internal.reflect.NativeMethodAccessorImpl.invoke(NativeMethodAccessorImpl.java:62)
	at java.base/jdk.internal.reflect.DelegatingMethodAccessorImpl.invoke(DelegatingMethodAccessorImpl.java:43)
	at java.base/java.lang.reflect.Method.invoke(Method.java:566)
	at io.cucumber.java.Invoker.doInvoke(Invoker.java:66)
	at io.cucumber.java.Invoker.invoke(Invoker.java:24)
	at io.cucumber.java.AbstractGlueDefinition.invokeMethod(AbstractGlueDefinition.java:47)
	at io.cucumber.java.JavaStepDefinition.execute(JavaStepDefinition.java:29)
	at io.cucumber.core.runner.CoreStepDefinition.execute(CoreStepDefinition.java:66)
	at io.cucumber.core.runner.PickleStepDefinitionMatch.runStep(PickleStepDefinitionMatch.java:63)
	at io.cucumber.core.runner.ExecutionMode$1.execute(ExecutionMode.java:10)
	at io.cucumber.core.runner.TestStep.executeStep(TestStep.java:85)
	at io.cucumber.core.runner.TestStep.run(TestStep.java:57)
	at io.cucumber.core.runner.PickleStepTestStep.run(PickleStepTestStep.java:51)
	at io.cucumber.core.runner.TestCase.run(TestCase.java:84)
	at io.cucumber.core.runner.Runner.runPickle(Runner.java:75)
	at io.cucumber.junit.PickleRunners$NoStepDescriptions.lambda$run$0(PickleRunners.java:151)
	at io.cucumber.core.runtime.CucumberExecutionContext.lambda$runTestCase$5(CucumberExecutionContext.java:129)
	at io.cucumber.core.runtime.RethrowingThrowableCollector.executeAndThrow(RethrowingThrowableCollector.java:23)
	at io.cucumber.core.runtime.CucumberExecutionContext.runTestCase(CucumberExecutionContext.java:129)
	at io.cucumber.junit.PickleRunners$NoStepDescriptions.run(PickleRunners.java:148)
	at io.cucumber.junit.FeatureRunner.runChild(FeatureRunner.java:144)
	at io.cucumber.junit.FeatureRunner.runChild(FeatureRunner.java:28)
	at org.junit.runners.ParentRunner$4.run(ParentRunner.java:331)
	at org.junit.runners.ParentRunner$1.schedule(ParentRunner.java:79)
	at org.junit.runners.ParentRunner.runChildren(ParentRunner.java:329)
	at org.junit.runners.ParentRunner.access$100(ParentRunner.java:66)
	at org.junit.runners.ParentRunner$2.evaluate(ParentRunner.java:293)
	at org.junit.runners.ParentRunner$3.evaluate(ParentRunner.java:306)
	at org.junit.runners.ParentRunner.run(ParentRunner.java:413)
	at io.cucumber.junit.FeatureRunner.run(FeatureRunner.java:137)
	at io.cucumber.junit.Cucumber.runChild(Cucumber.java:196)
	at io.cucumber.junit.Cucumber.runChild(Cucumber.java:89)
	at org.junit.runners.ParentRunner$4.run(ParentRunner.java:331)
	at org.apache.maven.surefire.junitcore.pc.Scheduler$1.run(Scheduler.java:405)
	at org.apache.maven.surefire.junitcore.pc.InvokerStrategy.schedule(InvokerStrategy.java:54)
	at org.apache.maven.surefire.junitcore.pc.Scheduler.schedule(Scheduler.java:362)
	at org.junit.runners.ParentRunner.runChildren(ParentRunner.java:329)
	at org.junit.runners.ParentRunner.access$100(ParentRunner.java:66)
	at org.junit.runners.ParentRunner$2.evaluate(ParentRunner.java:293)
	at io.cucumber.junit.Cucumber$RunBeforeAllHooks.evaluate(Cucumber.java:266)
	at io.cucumber.junit.Cucumber$RunAfterAllHooks.evaluate(Cucumber.java:281)
	at io.cucumber.junit.Cucumber$StartTestRun.evaluate(Cucumber.java:233)
	at io.cucumber.junit.Cucumber$FinishTestRun.evaluate(Cucumber.java:248)
	at org.junit.runners.ParentRunner$3.evaluate(ParentRunner.java:306)
	at org.junit.runners.ParentRunner.run(ParentRunner.java:413)
	at org.junit.runners.Suite.runChild(Suite.java:128)
	at org.junit.runners.Suite.runChild(Suite.java:27)
	at org.junit.runners.ParentRunner$4.run(ParentRunner.java:331)
	at org.apache.maven.surefire.junitcore.pc.Scheduler$1.run(Scheduler.java:405)
	at java.base/java.util.concurrent.Executors$RunnableAdapter.call(Executors.java:515)
	at java.base/java.util.concurrent.FutureTask.run(FutureTask.java:264)
	at java.base/java.util.concurrent.ThreadPoolExecutor.runWorker(ThreadPoolExecutor.java:1128)
	at java.base/java.util.concurrent.ThreadPoolExecutor$Worker.run(ThreadPoolExecutor.java:628)
	at java.base/java.lang.Thread.run(Thread.java:834)

  And User enter firstname as testauto on new user login screen                            # pooja.cucumber.demo.tests.stepDefinations.user.UserProfileTests.user_enter_firstname_as_on_new_user_login_screen(java.lang.String)
  And User enter email as testauto1@gmail.com on new user login screen                     # pooja.cucumber.demo.tests.stepDefinations.user.UserProfileTests.user_enter_email_as_on_new_user_login_screen(java.lang.String)
  And User enter username as testauto on new user login screen                             # pooja.cucumber.demo.tests.stepDefinations.user.UserProfileTests.user_enter_username_as_on_new_user_login_screen(java.lang.String)
  When User click on Next button on new user login screen                                  # pooja.cucumber.demo.tests.stepDefinations.user.UserProfileTests.user_click_on_next_button_on_new_user_login_screen()
  Then User can see heading as "Select topics of your interests"                           # pooja.cucumber.demo.tests.stepDefinations.user.UserProfileTests.user_can_see_heading_as_something(java.lang.String)
  And user selects suggested topics                                                        # pooja.cucumber.demo.tests.stepDefinations.user.UserProfileTests.user_selects_suggested_topics()
  And User clicks on submit button                                                         # pooja.cucumber.demo.tests.stepDefinations.user.UserProfileTests.user_clicks_on_submit_button()
  And User can see his profile created successfully                                        # pooja.cucumber.demo.tests.stepDefinations.user.UserProfileTests.user_can_see_his_profile_created_successfully()
]]></system-out>
    <system-err><![CDATA[ERROR StatusLogger Log4j2 could not find a logging implementation. Please add log4j-core to the classpath. Using SimpleLogger to log to the console...
Starting ChromeDriver 111.0.5563.64 (c710e93d5b63b7095afe8c2c17df34408078439d-refs/branch-heads/5563@{#995}) on port 15848
Only local connections are allowed.
Please see https://chromedriver.chromium.org/security-considerations for suggestions on keeping ChromeDriver safe.
ChromeDriver was started successfully.
Apr 20, 2023 2:01:44 PM org.openqa.selenium.devtools.CdpVersionFinder findNearestMatch
WARNING: Unable to find an exact match for CDP version 111, so returning the closest version found: 110
]]></system-err>
  </testcase>
</testsuite>