<?xml version="1.0" encoding="UTF-8"?>
<testsuite xmlns:xsi="http://www.w3.org/2001/XMLSchema-instance" xsi:noNamespaceSchemaLocation="https://maven.apache.org/surefire/maven-surefire-plugin/xsd/surefire-test-report-3.0.xsd" version="3.0" name="Web-ClientLogin #2" time="75.344" tests="2" errors="0" skipped="0" failures="2">
  <properties>
[...]
</properties>
  <testcase name="To check UI of new user login screen #1" classname="Web-ClientLogin #2" time="35.198">
    <failure message="Element not found {By.xpath: //p[contains(@class,&apos;css-1or58sj&apos;)]}&#10;Expected: visible&#10;Screenshot: file:/D:/Pawzeeble-Infosol-LLP/Pawzeeble/build/reports/tests/1679488902423.0.png&#10;Page source: file:/D:/Pawzeeble-Infosol-LLP/Pawzeeble/build/reports/tests/1679488902423.0.html&#10;Timeout: 20 s.&#10;Caused by: NoSuchElementException: no such element: Unable to locate element: {&quot;method&quot;:&quot;xpath&quot;,&quot;selector&quot;:&quot;//p[contains(@class,&apos;css-1or58sj&apos;)]&quot;}" type="com.codeborne.selenide.ex.ElementNotFound"><![CDATA[com.codeborne.selenide.ex.ElementNotFound: 
Element not found {By.xpath: //p[contains(@class,'css-1or58sj')]}
Expected: visible
Screenshot: file:/D:/Pawzeeble-Infosol-LLP/Pawzeeble/build/reports/tests/1679488902423.0.png
Page source: file:/D:/Pawzeeble-Infosol-LLP/Pawzeeble/build/reports/tests/1679488902423.0.html
Timeout: 20 s.
Caused by: NoSuchElementException: no such element: Unable to locate element: {"method":"xpath","selector":"//p[contains(@class,'css-1or58sj')]"}
Caused by: org.openqa.selenium.NoSuchElementException: 
no such element: Unable to locate element: {"method":"xpath","selector":"//p[contains(@class,'css-1or58sj')]"}
  (Session info: chrome=105.0.5195.127)
For documentation on this error, please visit: https://selenium.dev/exceptions/#no_such_element
Build info: version: '4.4.0', revision: 'e5c75ed026a'
System info: host: 'DESKTOP-6NKMD35', ip: '192.168.31.135', os.name: 'Windows 10', os.arch: 'amd64', os.version: '10.0', java.version: '11.0.16.1'
Driver info: org.openqa.selenium.chrome.ChromeDriver
Command: [0d40440f7a026b40794156c9a06296ef, findElement {using=xpath, value=//p[contains(@class,'css-1or58sj')]}]
Capabilities {acceptInsecureCerts: true, browserName: chrome, browserVersion: 105.0.5195.127, chrome: {chromedriverVersion: 105.0.5195.52 (412c95e51883..., userDataDir: C:\Users\ue\AppData\Local\T...}, goog:chromeOptions: {debuggerAddress: localhost:64092}, networkConnectionEnabled: false, pageLoadStrategy: normal, platformName: WINDOWS, proxy: Proxy(), se:cdp: ws://localhost:64092/devtoo..., se:cdpVersion: 105.0.5195.127, setWindowRect: true, strictFileInteractability: false, timeouts: {implicit: 0, pageLoad: 300000, script: 30000}, unhandledPromptBehavior: accept, webauthn:extension:credBlob: true, webauthn:extension:largeBlob: true, webauthn:virtualAuthenticators: true}
Session ID: 0d40440f7a026b40794156c9a06296ef
]]></failure>
    <system-out><![CDATA[┌───────────────────────────────────────────────────────────────────────────────────┐
│ Share your Cucumber Report with your team at https://reports.cucumber.io          │
│ Activate publishing with one of the following:                                    │
│                                                                                   │
│ src/test/resources/cucumber.properties:          cucumber.publish.enabled=true    │
│ src/test/resources/junit-platform.properties:    cucumber.publish.enabled=true    │
│ Environment variable:                            CUCUMBER_PUBLISH_ENABLED=true    │
│ JUnit:                                           @CucumberOptions(publish = true) │
│                                                                                   │
│ More information at https://cucumber.io/docs/cucumber/environment-variables/      │
│                                                                                   │
│ Disable this message with one of the following:                                   │
│                                                                                   │
│ src/test/resources/cucumber.properties:          cucumber.publish.quiet=true      │
│ src/test/resources/junit-platform.properties:    cucumber.publish.quiet=true      │
└───────────────────────────────────────────────────────────────────────────────────┘


@Client @ClientLogin @e2e
Scenario Outline: To check UI of new user login screen                                                                      # src/test/java/pooja/cucumber/demo/tests/feature/user/NewUserLogin.feature:31
in hooks
  Given Open browser for application                                                                                        # pooja.cucumber.demo.tests.stepDefinations.user.LoginTests.open_browser_for_application()
  When User clicks on join Pawzeeble button                                                                                 # pooja.cucumber.demo.tests.stepDefinations.user.LoginTests.user_clicks_on_join_pawzeeble_button()
  And User enter mobile number as 8856936685 on login screen                                                                # pooja.cucumber.demo.tests.stepDefinations.user.LoginTests.user_enter_mobile_number_as_on_login_screen(java.lang.String)
  And User clicks on Send OTP button                                                                                        # pooja.cucumber.demo.tests.stepDefinations.user.LoginTests.user_clicks_on_send_otp_button()
  And User enter OTP as "098765"                                                                                            # pooja.cucumber.demo.tests.stepDefinations.user.LoginTests.user_enter_otp_as_something(java.lang.String)
  And User clicks on Verify OTP button                                                                                      # pooja.cucumber.demo.tests.stepDefinations.user.LoginTests.user_clicks_on_verify_otp_button()
  Then User logins successfully                                                                                             # pooja.cucumber.demo.tests.stepDefinations.user.LoginTests.user_logins_successfully()
      Element not found {By.xpath: //p[contains(@class,'css-1or58sj')]}
Expected: visible
Screenshot: file:/D:/Pawzeeble-Infosol-LLP/Pawzeeble/build/reports/tests/1679488902423.0.png
Page source: file:/D:/Pawzeeble-Infosol-LLP/Pawzeeble/build/reports/tests/1679488902423.0.html
Timeout: 20 s.
Caused by: NoSuchElementException: no such element: Unable to locate element: {"method":"xpath","selector":"//p[contains(@class,'css-1or58sj')]"}
	at com.codeborne.selenide.impl.WebElementSource.createElementNotFoundError(WebElementSource.java:87)
	at com.codeborne.selenide.impl.ElementFinder.createElementNotFoundError(ElementFinder.java:122)
	at com.codeborne.selenide.impl.WebElementSource.checkConditionAndReturnElement(WebElementSource.java:129)
	at com.codeborne.selenide.impl.WebElementSource.checkCondition(WebElementSource.java:98)
	at com.codeborne.selenide.commands.Should.execute(Should.java:30)
	at com.codeborne.selenide.commands.Should.execute(Should.java:14)
	at com.codeborne.selenide.commands.Commands.execute(Commands.java:157)
	at com.codeborne.selenide.impl.SelenideElementProxy.dispatchAndRetry(SelenideElementProxy.java:129)
	at com.codeborne.selenide.impl.SelenideElementProxy.invoke(SelenideElementProxy.java:81)
	at com.sun.proxy.$Proxy22.shouldBe(Unknown Source)
	at pooja.cucumber.demo.tests.stepDefinations.user.LoginTests.user_logins_successfully(LoginTests.java:154)
	at âœ½.User logins successfully(file:///D:/Pawzeeble-Infosol-LLP/Pawzeeble/src/test/java/pooja/cucumber/demo/tests/feature/user/NewUserLogin.feature:13)
Caused by: org.openqa.selenium.NoSuchElementException: no such element: Unable to locate element: {"method":"xpath","selector":"//p[contains(@class,'css-1or58sj')]"}
  (Session info: chrome=105.0.5195.127)
For documentation on this error, please visit: https://selenium.dev/exceptions/#no_such_element
Build info: version: '4.4.0', revision: 'e5c75ed026a'
System info: host: 'DESKTOP-6NKMD35', ip: '192.168.31.135', os.name: 'Windows 10', os.arch: 'amd64', os.version: '10.0', java.version: '11.0.16.1'
Driver info: org.openqa.selenium.chrome.ChromeDriver
Command: [0d40440f7a026b40794156c9a06296ef, findElement {using=xpath, value=//p[contains(@class,'css-1or58sj')]}]
Capabilities {acceptInsecureCerts: true, browserName: chrome, browserVersion: 105.0.5195.127, chrome: {chromedriverVersion: 105.0.5195.52 (412c95e51883..., userDataDir: C:\Users\ue\AppData\Local\T...}, goog:chromeOptions: {debuggerAddress: localhost:64092}, networkConnectionEnabled: false, pageLoadStrategy: normal, platformName: WINDOWS, proxy: Proxy(), se:cdp: ws://localhost:64092/devtoo..., se:cdpVersion: 105.0.5195.127, setWindowRect: true, strictFileInteractability: false, timeouts: {implicit: 0, pageLoad: 300000, script: 30000}, unhandledPromptBehavior: accept, webauthn:extension:credBlob: true, webauthn:extension:largeBlob: true, webauthn:virtualAuthenticators: true}
Session ID: 0d40440f7a026b40794156c9a06296ef
	at jdk.internal.reflect.GeneratedConstructorAccessor14.newInstance(Unknown Source)
	at java.base/jdk.internal.reflect.DelegatingConstructorAccessorImpl.newInstance(DelegatingConstructorAccessorImpl.java:45)
	at java.base/java.lang.reflect.Constructor.newInstance(Constructor.java:490)
	at org.openqa.selenium.remote.codec.w3c.W3CHttpResponseCodec.createException(W3CHttpResponseCodec.java:200)
	at org.openqa.selenium.remote.codec.w3c.W3CHttpResponseCodec.decode(W3CHttpResponseCodec.java:133)
	at org.openqa.selenium.remote.codec.w3c.W3CHttpResponseCodec.decode(W3CHttpResponseCodec.java:53)
	at org.openqa.selenium.remote.HttpCommandExecutor.execute(HttpCommandExecutor.java:184)
	at org.openqa.selenium.remote.service.DriverCommandExecutor.invokeExecute(DriverCommandExecutor.java:167)
	at org.openqa.selenium.remote.service.DriverCommandExecutor.execute(DriverCommandExecutor.java:142)
	at org.openqa.selenium.remote.RemoteWebDriver.execute(RemoteWebDriver.java:547)
	at org.openqa.selenium.remote.ElementLocation$ElementFinder$2.findElement(ElementLocation.java:162)
	at org.openqa.selenium.remote.ElementLocation.findElement(ElementLocation.java:60)
	at org.openqa.selenium.remote.RemoteWebDriver.findElement(RemoteWebDriver.java:365)
	at org.openqa.selenium.remote.RemoteWebDriver.findElement(RemoteWebDriver.java:357)
	at com.codeborne.selenide.impl.WebElementSelector.findElement(WebElementSelector.java:70)
	at com.codeborne.selenide.impl.WebElementSelector.findElement(WebElementSelector.java:44)
	at com.codeborne.selenide.impl.WebElementSelector.findElement(WebElementSelector.java:33)
	at com.codeborne.selenide.impl.ElementFinder.getWebElement(ElementFinder.java:102)
	at com.codeborne.selenide.impl.WebElementSource.checkConditionAndReturnElement(WebElementSource.java:110)
	at com.codeborne.selenide.impl.WebElementSource.checkCondition(WebElementSource.java:98)
	at com.codeborne.selenide.commands.Should.execute(Should.java:30)
	at com.codeborne.selenide.commands.Should.execute(Should.java:14)
	at com.codeborne.selenide.commands.Commands.execute(Commands.java:157)
	at com.codeborne.selenide.impl.SelenideElementProxy.dispatchAndRetry(SelenideElementProxy.java:129)
	at com.codeborne.selenide.impl.SelenideElementProxy.invoke(SelenideElementProxy.java:81)
	at com.sun.proxy.$Proxy22.shouldBe(Unknown Source)
	at pooja.cucumber.demo.tests.stepDefinations.user.LoginTests.user_logins_successfully(LoginTests.java:154)
	at java.base/jdk.internal.reflect.NativeMethodAccessorImpl.invoke0(Native Method)
	at java.base/jdk.internal.reflect.NativeMethodAccessorImpl.invoke(NativeMethodAccessorImpl.java:62)
	at java.base/jdk.internal.reflect.DelegatingMethodAccessorImpl.invoke(DelegatingMethodAccessorImpl.java:43)
	at java.base/java.lang.reflect.Method.invoke(Method.java:566)
	at io.cucumber.java.Invoker.doInvoke(Invoker.java:66)
	at io.cucumber.java.Invoker.invoke(Invoker.java:24)
	at io.cucumber.java.AbstractGlueDefinition.invokeMethod(AbstractGlueDefinition.java:47)
	at io.cucumber.java.JavaStepDefinition.execute(JavaStepDefinition.java:29)
	at io.cucumber.core.runner.CoreStepDefinition.execute(CoreStepDefinition.java:66)
	at io.cucumber.core.runner.PickleStepDefinitionMatch.runStep(PickleStepDefinitionMatch.java:63)
	at io.cucumber.core.runner.ExecutionMode$1.execute(ExecutionMode.java:10)
	at io.cucumber.core.runner.TestStep.executeStep(TestStep.java:85)
	at io.cucumber.core.runner.TestStep.run(TestStep.java:57)
	at io.cucumber.core.runner.PickleStepTestStep.run(PickleStepTestStep.java:51)
	at io.cucumber.core.runner.TestCase.run(TestCase.java:84)
	at io.cucumber.core.runner.Runner.runPickle(Runner.java:75)
	at io.cucumber.junit.PickleRunners$NoStepDescriptions.lambda$run$0(PickleRunners.java:151)
	at io.cucumber.core.runtime.CucumberExecutionContext.lambda$runTestCase$5(CucumberExecutionContext.java:129)
	at io.cucumber.core.runtime.RethrowingThrowableCollector.executeAndThrow(RethrowingThrowableCollector.java:23)
	at io.cucumber.core.runtime.CucumberExecutionContext.runTestCase(CucumberExecutionContext.java:129)
	at io.cucumber.junit.PickleRunners$NoStepDescriptions.run(PickleRunners.java:148)
	at io.cucumber.junit.FeatureRunner.runChild(FeatureRunner.java:144)
	at io.cucumber.junit.FeatureRunner.runChild(FeatureRunner.java:28)
	at org.junit.runners.ParentRunner$4.run(ParentRunner.java:331)
	at org.junit.runners.ParentRunner$1.schedule(ParentRunner.java:79)
	at org.junit.runners.ParentRunner.runChildren(ParentRunner.java:329)
	at org.junit.runners.ParentRunner.access$100(ParentRunner.java:66)
	at org.junit.runners.ParentRunner$2.evaluate(ParentRunner.java:293)
	at org.junit.runners.ParentRunner$3.evaluate(ParentRunner.java:306)
	at org.junit.runners.ParentRunner.run(ParentRunner.java:413)
	at io.cucumber.junit.FeatureRunner.run(FeatureRunner.java:137)
	at io.cucumber.junit.Cucumber.runChild(Cucumber.java:196)
	at io.cucumber.junit.Cucumber.runChild(Cucumber.java:89)
	at org.junit.runners.ParentRunner$4.run(ParentRunner.java:331)
	at org.apache.maven.surefire.junitcore.pc.Scheduler$1.run(Scheduler.java:405)
	at org.apache.maven.surefire.junitcore.pc.InvokerStrategy.schedule(InvokerStrategy.java:54)
	at org.apache.maven.surefire.junitcore.pc.Scheduler.schedule(Scheduler.java:362)
	at org.junit.runners.ParentRunner.runChildren(ParentRunner.java:329)
	at org.junit.runners.ParentRunner.access$100(ParentRunner.java:66)
	at org.junit.runners.ParentRunner$2.evaluate(ParentRunner.java:293)
	at io.cucumber.junit.Cucumber$RunBeforeAllHooks.evaluate(Cucumber.java:266)
	at io.cucumber.junit.Cucumber$RunAfterAllHooks.evaluate(Cucumber.java:281)
	at io.cucumber.junit.Cucumber$StartTestRun.evaluate(Cucumber.java:233)
	at io.cucumber.junit.Cucumber$FinishTestRun.evaluate(Cucumber.java:248)
	at org.junit.runners.ParentRunner$3.evaluate(ParentRunner.java:306)
	at org.junit.runners.ParentRunner.run(ParentRunner.java:413)
	at org.junit.runners.Suite.runChild(Suite.java:128)
	at org.junit.runners.Suite.runChild(Suite.java:27)
	at org.junit.runners.ParentRunner$4.run(ParentRunner.java:331)
	at org.apache.maven.surefire.junitcore.pc.Scheduler$1.run(Scheduler.java:405)
	at java.base/java.util.concurrent.Executors$RunnableAdapter.call(Executors.java:515)
	at java.base/java.util.concurrent.FutureTask.run(FutureTask.java:264)
	at java.base/java.util.concurrent.ThreadPoolExecutor.runWorker(ThreadPoolExecutor.java:1128)
	at java.base/java.util.concurrent.ThreadPoolExecutor$Worker.run(ThreadPoolExecutor.java:628)
	at java.base/java.lang.Thread.run(Thread.java:834)

  Then User can see heading as "Please fill Personal details" on new user login screen                                      # pooja.cucumber.demo.tests.stepDefinations.user.UserProfileTests.user_can_see_heading_as_something_on_new_user_login_screen(java.lang.String)
  And User can see firstname with label "First Name" on new user login screen                                               # pooja.cucumber.demo.tests.stepDefinations.user.UserProfileTests.user_can_see_firstname_with_label_something_on_new_user_login_screen(java.lang.String)
  And User can see email address with label "Email Address" on new user login screen                                        # pooja.cucumber.demo.tests.stepDefinations.user.UserProfileTests.user_can_see_email_address_with_label_something_on_new_user_login_screen(java.lang.String)
  And User can see mobile number with label "Mobile Number" on new user login screen                                        # pooja.cucumber.demo.tests.stepDefinations.user.UserProfileTests.user_can_see_mobile_number_with_label_something_on_new_user_login_screen(java.lang.String)
  And User can see username with label "username" on new user login screen                                                  # pooja.cucumber.demo.tests.stepDefinations.user.UserProfileTests.user_can_see_username_with_label_something_on_new_user_login_screen(java.lang.String)
  And User can see User Bio with label "User Bio" on new user login screen                                                  # pooja.cucumber.demo.tests.stepDefinations.user.UserProfileTests.user_can_see_user_bio_with_label_something_on_new_user_login_screen(java.lang.String)
  And User can see cancel button with heading as "Cancel"                                                                   # pooja.cucumber.demo.tests.stepDefinations.user.UserProfileTests.user_can_see_cancel_button_with_heading_as_something(java.lang.String)
  And User can see next button with heading as "Next"                                                                       # pooja.cucumber.demo.tests.stepDefinations.user.UserProfileTests.user_can_see_next_button_with_heading_as_something(java.lang.String)
  When User click on Next button on new user login screen                                                                   # pooja.cucumber.demo.tests.stepDefinations.user.UserProfileTests.user_click_on_next_button_on_new_user_login_screen()
  Then User can see validation message as "Full Name must be at least 3 characters" for first name on new user login screen # pooja.cucumber.demo.tests.stepDefinations.user.UserProfileTests.user_can_see_validation_message_as_something_for_first_name_on_new_user_login_screen(java.lang.String)
  And User can see validation message as "Please enter a valid email address" for email address on new user login screen    # pooja.cucumber.demo.tests.stepDefinations.user.UserProfileTests.user_can_see_validation_message_as_something_for_email_address_on_new_user_login_screen(java.lang.String)
  And User can see validation message as "Username must be at least 3 characters" for user name on new user login screen    # pooja.cucumber.demo.tests.stepDefinations.user.UserProfileTests.user_can_see_validation_message_as_something_for_user_name_on_new_user_login_screen(java.lang.String)
]]></system-out>
    <system-err><![CDATA[Starting ChromeDriver 105.0.5195.52 (412c95e518836d8a7d97250d62b29c2ae6a26a85-refs/branch-heads/5195@{#853}) on port 62336
Only local connections are allowed.
Please see https://chromedriver.chromium.org/security-considerations for suggestions on keeping ChromeDriver safe.
ChromeDriver was started successfully.
Mar 22, 2023 6:11:10 PM org.openqa.selenium.remote.ProtocolHandshake createSession
INFO: Detected upstream dialect: W3C
Mar 22, 2023 6:11:10 PM org.openqa.selenium.devtools.CdpVersionFinder findNearestMatch
WARNING: Unable to find an exact match for CDP version 105, so returning the closest version found: 104
Mar 22, 2023 6:11:10 PM org.openqa.selenium.devtools.CdpVersionFinder findNearestMatch
INFO: Found CDP implementation for version 105 of 104
Mar 22, 2023 6:11:43 PM pooja.cucumber.demo.utils.Log info
INFO: clearCache
Mar 22, 2023 6:11:43 PM pooja.cucumber.demo.utils.Log info
INFO: clearCookies
Mar 22, 2023 6:11:43 PM pooja.cucumber.demo.utils.Log info
INFO: clearLocalStorage
]]></system-err>
  </testcase>
  <testcase name="To check UI of new user login screen #2" classname="Web-ClientLogin #2" time="40.136">
    <failure message="Element not found {By.xpath: //p[contains(@class,&apos;css-ftzbya&apos;)]}&#10;Expected: exist&#10;Screenshot: file:/D:/Pawzeeble-Infosol-LLP/Pawzeeble/build/reports/tests/1679488942813.1.png&#10;Page source: file:/D:/Pawzeeble-Infosol-LLP/Pawzeeble/build/reports/tests/1679488942813.1.html&#10;Timeout: 20 s.&#10;Caused by: NoSuchElementException: no such element: Unable to locate element: {&quot;method&quot;:&quot;xpath&quot;,&quot;selector&quot;:&quot;//p[contains(@class,&apos;css-ftzbya&apos;)]&quot;}" type="com.codeborne.selenide.ex.ElementNotFound"><![CDATA[com.codeborne.selenide.ex.ElementNotFound: 
Element not found {By.xpath: //p[contains(@class,'css-ftzbya')]}
Expected: exist
Screenshot: file:/D:/Pawzeeble-Infosol-LLP/Pawzeeble/build/reports/tests/1679488942813.1.png
Page source: file:/D:/Pawzeeble-Infosol-LLP/Pawzeeble/build/reports/tests/1679488942813.1.html
Timeout: 20 s.
Caused by: NoSuchElementException: no such element: Unable to locate element: {"method":"xpath","selector":"//p[contains(@class,'css-ftzbya')]"}
Caused by: org.openqa.selenium.NoSuchElementException: 
no such element: Unable to locate element: {"method":"xpath","selector":"//p[contains(@class,'css-ftzbya')]"}
  (Session info: chrome=105.0.5195.127)
For documentation on this error, please visit: https://selenium.dev/exceptions/#no_such_element
Build info: version: '4.4.0', revision: 'e5c75ed026a'
System info: host: 'DESKTOP-6NKMD35', ip: '192.168.31.135', os.name: 'Windows 10', os.arch: 'amd64', os.version: '10.0', java.version: '11.0.16.1'
Driver info: org.openqa.selenium.chrome.ChromeDriver
Command: [7145c0f067ef43725f3e832501557c03, findElement {using=xpath, value=//p[contains(@class,'css-ftzbya')]}]
Capabilities {acceptInsecureCerts: true, browserName: chrome, browserVersion: 105.0.5195.127, chrome: {chromedriverVersion: 105.0.5195.52 (412c95e51883..., userDataDir: C:\Users\ue\AppData\Local\T...}, goog:chromeOptions: {debuggerAddress: localhost:64198}, networkConnectionEnabled: false, pageLoadStrategy: normal, platformName: WINDOWS, proxy: Proxy(), se:cdp: ws://localhost:64198/devtoo..., se:cdpVersion: 105.0.5195.127, setWindowRect: true, strictFileInteractability: false, timeouts: {implicit: 0, pageLoad: 300000, script: 30000}, unhandledPromptBehavior: accept, webauthn:extension:credBlob: true, webauthn:extension:largeBlob: true, webauthn:virtualAuthenticators: true}
Session ID: 7145c0f067ef43725f3e832501557c03
]]></failure>
    <system-out><![CDATA[
@Client @ClientLogin @e2e
Scenario Outline: To check UI of new user login screen                                                                      # src/test/java/pooja/cucumber/demo/tests/feature/user/NewUserLogin.feature:32
in hooks
  Given Open browser for application                                                                                        # pooja.cucumber.demo.tests.stepDefinations.user.LoginTests.open_browser_for_application()
  When User clicks on join Pawzeeble button                                                                                 # pooja.cucumber.demo.tests.stepDefinations.user.LoginTests.user_clicks_on_join_pawzeeble_button()
  And User enter mobile number as 7385336422 on login screen                                                                # pooja.cucumber.demo.tests.stepDefinations.user.LoginTests.user_enter_mobile_number_as_on_login_screen(java.lang.String)
  And User clicks on Send OTP button                                                                                        # pooja.cucumber.demo.tests.stepDefinations.user.LoginTests.user_clicks_on_send_otp_button()
  And User enter OTP as "098765"                                                                                            # pooja.cucumber.demo.tests.stepDefinations.user.LoginTests.user_enter_otp_as_something(java.lang.String)
  And User clicks on Verify OTP button                                                                                      # pooja.cucumber.demo.tests.stepDefinations.user.LoginTests.user_clicks_on_verify_otp_button()
  Then User logins successfully                                                                                             # pooja.cucumber.demo.tests.stepDefinations.user.LoginTests.user_logins_successfully()
  Then User can see heading as "Please fill Personal details" on new user login screen                                      # pooja.cucumber.demo.tests.stepDefinations.user.UserProfileTests.user_can_see_heading_as_something_on_new_user_login_screen(java.lang.String)
      Element not found {By.xpath: //p[contains(@class,'css-ftzbya')]}
Expected: exist
Screenshot: file:/D:/Pawzeeble-Infosol-LLP/Pawzeeble/build/reports/tests/1679488942813.1.png
Page source: file:/D:/Pawzeeble-Infosol-LLP/Pawzeeble/build/reports/tests/1679488942813.1.html
Timeout: 20 s.
Caused by: NoSuchElementException: no such element: Unable to locate element: {"method":"xpath","selector":"//p[contains(@class,'css-ftzbya')]"}
	at com.codeborne.selenide.impl.WebElementSource.createElementNotFoundError(WebElementSource.java:87)
	at com.codeborne.selenide.impl.ElementFinder.createElementNotFoundError(ElementFinder.java:122)
	at com.codeborne.selenide.impl.WebElementSource.checkConditionAndReturnElement(WebElementSource.java:129)
	at com.codeborne.selenide.impl.WebElementSource.checkCondition(WebElementSource.java:98)
	at com.codeborne.selenide.commands.Should.execute(Should.java:30)
	at com.codeborne.selenide.commands.Should.execute(Should.java:14)
	at com.codeborne.selenide.commands.Commands.execute(Commands.java:157)
	at com.codeborne.selenide.impl.SelenideElementProxy.dispatchAndRetry(SelenideElementProxy.java:129)
	at com.codeborne.selenide.impl.SelenideElementProxy.invoke(SelenideElementProxy.java:81)
	at com.sun.proxy.$Proxy22.should(Unknown Source)
	at pooja.cucumber.demo.pageObject.client.NewUserloginForm.verifyPageHeadingDisplayed(NewUserloginForm.java:48)
	at pooja.cucumber.demo.tests.stepDefinations.user.UserProfileTests.user_can_see_heading_as_something_on_new_user_login_screen(UserProfileTests.java:23)
	at âœ½.User can see heading as "Please fill Personal details" on new user login screen(file:///D:/Pawzeeble-Infosol-LLP/Pawzeeble/src/test/java/pooja/cucumber/demo/tests/feature/user/NewUserLogin.feature:14)
Caused by: org.openqa.selenium.NoSuchElementException: no such element: Unable to locate element: {"method":"xpath","selector":"//p[contains(@class,'css-ftzbya')]"}
  (Session info: chrome=105.0.5195.127)
For documentation on this error, please visit: https://selenium.dev/exceptions/#no_such_element
Build info: version: '4.4.0', revision: 'e5c75ed026a'
System info: host: 'DESKTOP-6NKMD35', ip: '192.168.31.135', os.name: 'Windows 10', os.arch: 'amd64', os.version: '10.0', java.version: '11.0.16.1'
Driver info: org.openqa.selenium.chrome.ChromeDriver
Command: [7145c0f067ef43725f3e832501557c03, findElement {using=xpath, value=//p[contains(@class,'css-ftzbya')]}]
Capabilities {acceptInsecureCerts: true, browserName: chrome, browserVersion: 105.0.5195.127, chrome: {chromedriverVersion: 105.0.5195.52 (412c95e51883..., userDataDir: C:\Users\ue\AppData\Local\T...}, goog:chromeOptions: {debuggerAddress: localhost:64198}, networkConnectionEnabled: false, pageLoadStrategy: normal, platformName: WINDOWS, proxy: Proxy(), se:cdp: ws://localhost:64198/devtoo..., se:cdpVersion: 105.0.5195.127, setWindowRect: true, strictFileInteractability: false, timeouts: {implicit: 0, pageLoad: 300000, script: 30000}, unhandledPromptBehavior: accept, webauthn:extension:credBlob: true, webauthn:extension:largeBlob: true, webauthn:virtualAuthenticators: true}
Session ID: 7145c0f067ef43725f3e832501557c03
	at jdk.internal.reflect.GeneratedConstructorAccessor14.newInstance(Unknown Source)
	at java.base/jdk.internal.reflect.DelegatingConstructorAccessorImpl.newInstance(DelegatingConstructorAccessorImpl.java:45)
	at java.base/java.lang.reflect.Constructor.newInstance(Constructor.java:490)
	at org.openqa.selenium.remote.codec.w3c.W3CHttpResponseCodec.createException(W3CHttpResponseCodec.java:200)
	at org.openqa.selenium.remote.codec.w3c.W3CHttpResponseCodec.decode(W3CHttpResponseCodec.java:133)
	at org.openqa.selenium.remote.codec.w3c.W3CHttpResponseCodec.decode(W3CHttpResponseCodec.java:53)
	at org.openqa.selenium.remote.HttpCommandExecutor.execute(HttpCommandExecutor.java:184)
	at org.openqa.selenium.remote.service.DriverCommandExecutor.invokeExecute(DriverCommandExecutor.java:167)
	at org.openqa.selenium.remote.service.DriverCommandExecutor.execute(DriverCommandExecutor.java:142)
	at org.openqa.selenium.remote.RemoteWebDriver.execute(RemoteWebDriver.java:547)
	at org.openqa.selenium.remote.ElementLocation$ElementFinder$2.findElement(ElementLocation.java:162)
	at org.openqa.selenium.remote.ElementLocation.findElement(ElementLocation.java:60)
	at org.openqa.selenium.remote.RemoteWebDriver.findElement(RemoteWebDriver.java:365)
	at org.openqa.selenium.remote.RemoteWebDriver.findElement(RemoteWebDriver.java:357)
	at com.codeborne.selenide.impl.WebElementSelector.findElement(WebElementSelector.java:70)
	at com.codeborne.selenide.impl.WebElementSelector.findElement(WebElementSelector.java:44)
	at com.codeborne.selenide.impl.WebElementSelector.findElement(WebElementSelector.java:33)
	at com.codeborne.selenide.impl.ElementFinder.getWebElement(ElementFinder.java:102)
	at com.codeborne.selenide.impl.WebElementSource.checkConditionAndReturnElement(WebElementSource.java:110)
	at com.codeborne.selenide.impl.WebElementSource.checkCondition(WebElementSource.java:98)
	at com.codeborne.selenide.commands.Should.execute(Should.java:30)
	at com.codeborne.selenide.commands.Should.execute(Should.java:14)
	at com.codeborne.selenide.commands.Commands.execute(Commands.java:157)
	at com.codeborne.selenide.impl.SelenideElementProxy.dispatchAndRetry(SelenideElementProxy.java:129)
	at com.codeborne.selenide.impl.SelenideElementProxy.invoke(SelenideElementProxy.java:81)
	at com.sun.proxy.$Proxy22.should(Unknown Source)
	at pooja.cucumber.demo.pageObject.client.NewUserloginForm.verifyPageHeadingDisplayed(NewUserloginForm.java:48)
	at pooja.cucumber.demo.tests.stepDefinations.user.UserProfileTests.user_can_see_heading_as_something_on_new_user_login_screen(UserProfileTests.java:23)
	at java.base/jdk.internal.reflect.NativeMethodAccessorImpl.invoke0(Native Method)
	at java.base/jdk.internal.reflect.NativeMethodAccessorImpl.invoke(NativeMethodAccessorImpl.java:62)
	at java.base/jdk.internal.reflect.DelegatingMethodAccessorImpl.invoke(DelegatingMethodAccessorImpl.java:43)
	at java.base/java.lang.reflect.Method.invoke(Method.java:566)
	at io.cucumber.java.Invoker.doInvoke(Invoker.java:66)
	at io.cucumber.java.Invoker.invoke(Invoker.java:24)
	at io.cucumber.java.AbstractGlueDefinition.invokeMethod(AbstractGlueDefinition.java:47)
	at io.cucumber.java.JavaStepDefinition.execute(JavaStepDefinition.java:29)
	at io.cucumber.core.runner.CoreStepDefinition.execute(CoreStepDefinition.java:66)
	at io.cucumber.core.runner.PickleStepDefinitionMatch.runStep(PickleStepDefinitionMatch.java:63)
	at io.cucumber.core.runner.ExecutionMode$1.execute(ExecutionMode.java:10)
	at io.cucumber.core.runner.TestStep.executeStep(TestStep.java:85)
	at io.cucumber.core.runner.TestStep.run(TestStep.java:57)
	at io.cucumber.core.runner.PickleStepTestStep.run(PickleStepTestStep.java:51)
	at io.cucumber.core.runner.TestCase.run(TestCase.java:84)
	at io.cucumber.core.runner.Runner.runPickle(Runner.java:75)
	at io.cucumber.junit.PickleRunners$NoStepDescriptions.lambda$run$0(PickleRunners.java:151)
	at io.cucumber.core.runtime.CucumberExecutionContext.lambda$runTestCase$5(CucumberExecutionContext.java:129)
	at io.cucumber.core.runtime.RethrowingThrowableCollector.executeAndThrow(RethrowingThrowableCollector.java:23)
	at io.cucumber.core.runtime.CucumberExecutionContext.runTestCase(CucumberExecutionContext.java:129)
	at io.cucumber.junit.PickleRunners$NoStepDescriptions.run(PickleRunners.java:148)
	at io.cucumber.junit.FeatureRunner.runChild(FeatureRunner.java:144)
	at io.cucumber.junit.FeatureRunner.runChild(FeatureRunner.java:28)
	at org.junit.runners.ParentRunner$4.run(ParentRunner.java:331)
	at org.junit.runners.ParentRunner$1.schedule(ParentRunner.java:79)
	at org.junit.runners.ParentRunner.runChildren(ParentRunner.java:329)
	at org.junit.runners.ParentRunner.access$100(ParentRunner.java:66)
	at org.junit.runners.ParentRunner$2.evaluate(ParentRunner.java:293)
	at org.junit.runners.ParentRunner$3.evaluate(ParentRunner.java:306)
	at org.junit.runners.ParentRunner.run(ParentRunner.java:413)
	at io.cucumber.junit.FeatureRunner.run(FeatureRunner.java:137)
	at io.cucumber.junit.Cucumber.runChild(Cucumber.java:196)
	at io.cucumber.junit.Cucumber.runChild(Cucumber.java:89)
	at org.junit.runners.ParentRunner$4.run(ParentRunner.java:331)
	at org.apache.maven.surefire.junitcore.pc.Scheduler$1.run(Scheduler.java:405)
	at org.apache.maven.surefire.junitcore.pc.InvokerStrategy.schedule(InvokerStrategy.java:54)
	at org.apache.maven.surefire.junitcore.pc.Scheduler.schedule(Scheduler.java:362)
	at org.junit.runners.ParentRunner.runChildren(ParentRunner.java:329)
	at org.junit.runners.ParentRunner.access$100(ParentRunner.java:66)
	at org.junit.runners.ParentRunner$2.evaluate(ParentRunner.java:293)
	at io.cucumber.junit.Cucumber$RunBeforeAllHooks.evaluate(Cucumber.java:266)
	at io.cucumber.junit.Cucumber$RunAfterAllHooks.evaluate(Cucumber.java:281)
	at io.cucumber.junit.Cucumber$StartTestRun.evaluate(Cucumber.java:233)
	at io.cucumber.junit.Cucumber$FinishTestRun.evaluate(Cucumber.java:248)
	at org.junit.runners.ParentRunner$3.evaluate(ParentRunner.java:306)
	at org.junit.runners.ParentRunner.run(ParentRunner.java:413)
	at org.junit.runners.Suite.runChild(Suite.java:128)
	at org.junit.runners.Suite.runChild(Suite.java:27)
	at org.junit.runners.ParentRunner$4.run(ParentRunner.java:331)
	at org.apache.maven.surefire.junitcore.pc.Scheduler$1.run(Scheduler.java:405)
	at java.base/java.util.concurrent.Executors$RunnableAdapter.call(Executors.java:515)
	at java.base/java.util.concurrent.FutureTask.run(FutureTask.java:264)
	at java.base/java.util.concurrent.ThreadPoolExecutor.runWorker(ThreadPoolExecutor.java:1128)
	at java.base/java.util.concurrent.ThreadPoolExecutor$Worker.run(ThreadPoolExecutor.java:628)
	at java.base/java.lang.Thread.run(Thread.java:834)

  And User can see firstname with label "First Name" on new user login screen                                               # pooja.cucumber.demo.tests.stepDefinations.user.UserProfileTests.user_can_see_firstname_with_label_something_on_new_user_login_screen(java.lang.String)
  And User can see email address with label "Email Address" on new user login screen                                        # pooja.cucumber.demo.tests.stepDefinations.user.UserProfileTests.user_can_see_email_address_with_label_something_on_new_user_login_screen(java.lang.String)
  And User can see mobile number with label "Mobile Number" on new user login screen                                        # pooja.cucumber.demo.tests.stepDefinations.user.UserProfileTests.user_can_see_mobile_number_with_label_something_on_new_user_login_screen(java.lang.String)
  And User can see username with label "username" on new user login screen                                                  # pooja.cucumber.demo.tests.stepDefinations.user.UserProfileTests.user_can_see_username_with_label_something_on_new_user_login_screen(java.lang.String)
  And User can see User Bio with label "User Bio" on new user login screen                                                  # pooja.cucumber.demo.tests.stepDefinations.user.UserProfileTests.user_can_see_user_bio_with_label_something_on_new_user_login_screen(java.lang.String)
  And User can see cancel button with heading as "Cancel"                                                                   # pooja.cucumber.demo.tests.stepDefinations.user.UserProfileTests.user_can_see_cancel_button_with_heading_as_something(java.lang.String)
  And User can see next button with heading as "Next"                                                                       # pooja.cucumber.demo.tests.stepDefinations.user.UserProfileTests.user_can_see_next_button_with_heading_as_something(java.lang.String)
  When User click on Next button on new user login screen                                                                   # pooja.cucumber.demo.tests.stepDefinations.user.UserProfileTests.user_click_on_next_button_on_new_user_login_screen()
  Then User can see validation message as "Full Name must be at least 3 characters" for first name on new user login screen # pooja.cucumber.demo.tests.stepDefinations.user.UserProfileTests.user_can_see_validation_message_as_something_for_first_name_on_new_user_login_screen(java.lang.String)
  And User can see validation message as "Please enter a valid email address" for email address on new user login screen    # pooja.cucumber.demo.tests.stepDefinations.user.UserProfileTests.user_can_see_validation_message_as_something_for_email_address_on_new_user_login_screen(java.lang.String)
  And User can see validation message as "Username must be at least 3 characters" for user name on new user login screen    # pooja.cucumber.demo.tests.stepDefinations.user.UserProfileTests.user_can_see_validation_message_as_something_for_user_name_on_new_user_login_screen(java.lang.String)
]]></system-out>
    <system-err><![CDATA[Starting ChromeDriver 105.0.5195.52 (412c95e518836d8a7d97250d62b29c2ae6a26a85-refs/branch-heads/5195@{#853}) on port 64805
Only local connections are allowed.
Please see https://chromedriver.chromium.org/security-considerations for suggestions on keeping ChromeDriver safe.
ChromeDriver was started successfully.
Mar 22, 2023 6:11:45 PM org.openqa.selenium.remote.ProtocolHandshake createSession
INFO: Detected upstream dialect: W3C
Mar 22, 2023 6:11:45 PM org.openqa.selenium.devtools.CdpVersionFinder findNearestMatch
WARNING: Unable to find an exact match for CDP version 105, so returning the closest version found: 104
Mar 22, 2023 6:11:45 PM org.openqa.selenium.devtools.CdpVersionFinder findNearestMatch
INFO: Found CDP implementation for version 105 of 104
Mar 22, 2023 6:12:23 PM pooja.cucumber.demo.utils.Log info
INFO: clearCache
Mar 22, 2023 6:12:23 PM pooja.cucumber.demo.utils.Log info
INFO: clearCookies
Mar 22, 2023 6:12:23 PM pooja.cucumber.demo.utils.Log info
INFO: clearLocalStorage
]]></system-err>
  </testcase>
</testsuite>