<?xml version="1.0" encoding="UTF-8"?>
<testsuite xmlns:xsi="http://www.w3.org/2001/XMLSchema-instance" xsi:noNamespaceSchemaLocation="https://maven.apache.org/surefire/maven-surefire-plugin/xsd/surefire-test-report-3.0.xsd" version="3.0" name="Web-ClientLogin #1" time="84.027" tests="6" errors="0" skipped="0" failures="0">
  <properties>
[...]
</properties>
  <testcase name="To check UI of login screen for mobile number" classname="Web-ClientLogin #1" time="13.906">
    <system-out><![CDATA[SLF4J: No SLF4J providers were found.
SLF4J: Defaulting to no-operation (NOP) logger implementation
SLF4J: See http://www.slf4j.org/codes.html#noProviders for further details.
SLF4J: Class path contains SLF4J bindings targeting slf4j-api versions prior to 1.8.
SLF4J: Ignoring binding found at [jar:file:/C:/Users/ue/.m2/repository/org/slf4j/slf4j-simple/1.7.36/slf4j-simple-1.7.36.jar!/org/slf4j/impl/StaticLoggerBinder.class]
SLF4J: See http://www.slf4j.org/codes.html#ignoredBindings for an explanation.

@Client @ClientLogin @e2e
Scenario: To check UI of login screen for mobile number                                             # src/test/java/pooja/cucumber/demo/tests/feature/user/Login.feature:7
in hooks
  Given Open browser for application                                                                # pooja.cucumber.demo.tests.stepDefinations.user.LoginTests.open_browser_for_application()
  When User clicks on join Pawzeeble button                                                         # pooja.cucumber.demo.tests.stepDefinations.user.LoginTests.user_clicks_on_join_pawzeeble_button()
  Then User can see heading message "Welcome to Pawzeeble" on login screen                          # pooja.cucumber.demo.tests.stepDefinations.user.LoginTests.user_can_see_heading_message_something_on_login_screen(java.lang.String)
  And User can see detailed message "Please provide the following details to login" on login screen # pooja.cucumber.demo.tests.stepDefinations.user.LoginTests.user_can_see_detailed_message_something_on_login_screen(java.lang.String)
  And User can see label as "Mobile Number" on login screen                                         # pooja.cucumber.demo.tests.stepDefinations.user.LoginTests.user_can_see_label_as_something_on_login_screen(java.lang.String)
  And User can see send OTP button with text as "Send OTP" on login screen                          # pooja.cucumber.demo.tests.stepDefinations.user.LoginTests.user_can_see_send_otp_button_with_text_as_something_on_login_screen(java.lang.String)
  When User clicks on mobile number textbox                                                         # pooja.cucumber.demo.tests.stepDefinations.user.LoginTests.user_clicks_on_mobile_number_textbox()
  And User click outside of mobile number                                                           # pooja.cucumber.demo.tests.stepDefinations.user.LoginTests.user_click_outside_of_mobile_number()
  Then User can see validation message "Incorrect Mobile No." on login screen                       # pooja.cucumber.demo.tests.stepDefinations.user.LoginTests.user_can_see_validation_message_something_on_login_screen(java.lang.String)
]]></system-out>
    <system-err><![CDATA[ERROR StatusLogger Log4j2 could not find a logging implementation. Please add log4j-core to the classpath. Using SimpleLogger to log to the console...
Starting ChromeDriver 105.0.5195.52 (412c95e518836d8a7d97250d62b29c2ae6a26a85-refs/branch-heads/5195@{#853}) on port 56271
Only local connections are allowed.
Please see https://chromedriver.chromium.org/security-considerations for suggestions on keeping ChromeDriver safe.
ChromeDriver was started successfully.
Mar 22, 2023 6:09:49 PM org.openqa.selenium.remote.ProtocolHandshake createSession
INFO: Detected upstream dialect: W3C
Mar 22, 2023 6:09:49 PM org.openqa.selenium.devtools.CdpVersionFinder findNearestMatch
WARNING: Unable to find an exact match for CDP version 105, so returning the closest version found: 104
Mar 22, 2023 6:09:49 PM org.openqa.selenium.devtools.CdpVersionFinder findNearestMatch
INFO: Found CDP implementation for version 105 of 104
Mar 22, 2023 6:09:56 PM pooja.cucumber.demo.utils.Log info
INFO: clearCache
Mar 22, 2023 6:09:56 PM pooja.cucumber.demo.utils.Log info
INFO: clearCookies
Mar 22, 2023 6:09:56 PM pooja.cucumber.demo.utils.Log info
INFO: clearLocalStorage
]]></system-err>
  </testcase>
  <testcase name="To check invalid mobile numbers on login screen #1" classname="Web-ClientLogin #1" time="10.475">
    <system-out><![CDATA[
@Client @ClientLogin @e2e
Scenario Outline: To check invalid mobile numbers on login screen            # src/test/java/pooja/cucumber/demo/tests/feature/user/Login.feature:31
in hooks
  Given Open browser for application                                         # pooja.cucumber.demo.tests.stepDefinations.user.LoginTests.open_browser_for_application()
  When User clicks on join Pawzeeble button                                  # pooja.cucumber.demo.tests.stepDefinations.user.LoginTests.user_clicks_on_join_pawzeeble_button()
  Then User can see label as "Mobile Number(required)" on login screen       # pooja.cucumber.demo.tests.stepDefinations.user.LoginTests.user_can_see_label_as_something_on_login_screen(java.lang.String)
  When User enter mobile number as 123 on login screen                       # pooja.cucumber.demo.tests.stepDefinations.user.LoginTests.user_enter_mobile_number_as_on_login_screen(java.lang.String)
  And User click outside of mobile number                                    # pooja.cucumber.demo.tests.stepDefinations.user.LoginTests.user_click_outside_of_mobile_number()
  Then User can see send OTP button is disabled                              # pooja.cucumber.demo.tests.stepDefinations.user.LoginTests.user_can_see_send_otp_button_is_disabled()
  And User can see validation message "Incorrect Mobile No." on login screen # pooja.cucumber.demo.tests.stepDefinations.user.LoginTests.user_can_see_validation_message_something_on_login_screen(java.lang.String)
]]></system-out>
    <system-err><![CDATA[Starting ChromeDriver 105.0.5195.52 (412c95e518836d8a7d97250d62b29c2ae6a26a85-refs/branch-heads/5195@{#853}) on port 57784
Only local connections are allowed.
Please see https://chromedriver.chromium.org/security-considerations for suggestions on keeping ChromeDriver safe.
ChromeDriver was started successfully.
Mar 22, 2023 6:09:59 PM org.openqa.selenium.remote.ProtocolHandshake createSession
INFO: Detected upstream dialect: W3C
Mar 22, 2023 6:09:59 PM org.openqa.selenium.devtools.CdpVersionFinder findNearestMatch
WARNING: Unable to find an exact match for CDP version 105, so returning the closest version found: 104
Mar 22, 2023 6:09:59 PM org.openqa.selenium.devtools.CdpVersionFinder findNearestMatch
INFO: Found CDP implementation for version 105 of 104
Mar 22, 2023 6:10:08 PM pooja.cucumber.demo.utils.Log info
INFO: clearCache
Mar 22, 2023 6:10:08 PM pooja.cucumber.demo.utils.Log info
INFO: clearCookies
Mar 22, 2023 6:10:08 PM pooja.cucumber.demo.utils.Log info
INFO: clearLocalStorage
]]></system-err>
  </testcase>
  <testcase name="To check invalid mobile numbers on login screen #2" classname="Web-ClientLogin #1" time="11.153">
    <system-out><![CDATA[
@Client @ClientLogin @e2e
Scenario Outline: To check invalid mobile numbers on login screen            # src/test/java/pooja/cucumber/demo/tests/feature/user/Login.feature:32
in hooks
  Given Open browser for application                                         # pooja.cucumber.demo.tests.stepDefinations.user.LoginTests.open_browser_for_application()
  When User clicks on join Pawzeeble button                                  # pooja.cucumber.demo.tests.stepDefinations.user.LoginTests.user_clicks_on_join_pawzeeble_button()
  Then User can see label as "Mobile Number(required)" on login screen       # pooja.cucumber.demo.tests.stepDefinations.user.LoginTests.user_can_see_label_as_something_on_login_screen(java.lang.String)
  When User enter mobile number as 12345678900 on login screen               # pooja.cucumber.demo.tests.stepDefinations.user.LoginTests.user_enter_mobile_number_as_on_login_screen(java.lang.String)
  And User click outside of mobile number                                    # pooja.cucumber.demo.tests.stepDefinations.user.LoginTests.user_click_outside_of_mobile_number()
  Then User can see send OTP button is disabled                              # pooja.cucumber.demo.tests.stepDefinations.user.LoginTests.user_can_see_send_otp_button_is_disabled()
  And User can see validation message "Incorrect Mobile No." on login screen # pooja.cucumber.demo.tests.stepDefinations.user.LoginTests.user_can_see_validation_message_something_on_login_screen(java.lang.String)
]]></system-out>
    <system-err><![CDATA[Starting ChromeDriver 105.0.5195.52 (412c95e518836d8a7d97250d62b29c2ae6a26a85-refs/branch-heads/5195@{#853}) on port 57303
Only local connections are allowed.
Please see https://chromedriver.chromium.org/security-considerations for suggestions on keeping ChromeDriver safe.
ChromeDriver was started successfully.
Mar 22, 2023 6:10:10 PM org.openqa.selenium.remote.ProtocolHandshake createSession
INFO: Detected upstream dialect: W3C
Mar 22, 2023 6:10:10 PM org.openqa.selenium.devtools.CdpVersionFinder findNearestMatch
WARNING: Unable to find an exact match for CDP version 105, so returning the closest version found: 104
Mar 22, 2023 6:10:10 PM org.openqa.selenium.devtools.CdpVersionFinder findNearestMatch
INFO: Found CDP implementation for version 105 of 104
Mar 22, 2023 6:10:18 PM pooja.cucumber.demo.utils.Log info
INFO: clearCache
Mar 22, 2023 6:10:18 PM pooja.cucumber.demo.utils.Log info
INFO: clearCookies
Mar 22, 2023 6:10:18 PM pooja.cucumber.demo.utils.Log info
INFO: clearLocalStorage
]]></system-err>
  </testcase>
  <testcase name="To check invalid mobile numbers on login screen #3" classname="Web-ClientLogin #1" time="11.672">
    <system-out><![CDATA[
@Client @ClientLogin @e2e
Scenario Outline: To check invalid mobile numbers on login screen            # src/test/java/pooja/cucumber/demo/tests/feature/user/Login.feature:33
in hooks
  Given Open browser for application                                         # pooja.cucumber.demo.tests.stepDefinations.user.LoginTests.open_browser_for_application()
  When User clicks on join Pawzeeble button                                  # pooja.cucumber.demo.tests.stepDefinations.user.LoginTests.user_clicks_on_join_pawzeeble_button()
  Then User can see label as "Mobile Number(required)" on login screen       # pooja.cucumber.demo.tests.stepDefinations.user.LoginTests.user_can_see_label_as_something_on_login_screen(java.lang.String)
  When User enter mobile number as 47892366 on login screen                  # pooja.cucumber.demo.tests.stepDefinations.user.LoginTests.user_enter_mobile_number_as_on_login_screen(java.lang.String)
  And User click outside of mobile number                                    # pooja.cucumber.demo.tests.stepDefinations.user.LoginTests.user_click_outside_of_mobile_number()
  Then User can see send OTP button is disabled                              # pooja.cucumber.demo.tests.stepDefinations.user.LoginTests.user_can_see_send_otp_button_is_disabled()
  And User can see validation message "Incorrect Mobile No." on login screen # pooja.cucumber.demo.tests.stepDefinations.user.LoginTests.user_can_see_validation_message_something_on_login_screen(java.lang.String)
]]></system-out>
    <system-err><![CDATA[Starting ChromeDriver 105.0.5195.52 (412c95e518836d8a7d97250d62b29c2ae6a26a85-refs/branch-heads/5195@{#853}) on port 53684
Only local connections are allowed.
Please see https://chromedriver.chromium.org/security-considerations for suggestions on keeping ChromeDriver safe.
ChromeDriver was started successfully.
Mar 22, 2023 6:10:21 PM org.openqa.selenium.remote.ProtocolHandshake createSession
INFO: Detected upstream dialect: W3C
Mar 22, 2023 6:10:21 PM org.openqa.selenium.devtools.CdpVersionFinder findNearestMatch
WARNING: Unable to find an exact match for CDP version 105, so returning the closest version found: 104
Mar 22, 2023 6:10:21 PM org.openqa.selenium.devtools.CdpVersionFinder findNearestMatch
INFO: Found CDP implementation for version 105 of 104
Mar 22, 2023 6:10:31 PM pooja.cucumber.demo.utils.Log info
INFO: clearCache
Mar 22, 2023 6:10:31 PM pooja.cucumber.demo.utils.Log info
INFO: clearCookies
Mar 22, 2023 6:10:31 PM pooja.cucumber.demo.utils.Log info
INFO: clearLocalStorage
]]></system-err>
  </testcase>
  <testcase name="To check invalid mobile numbers on login screen #4" classname="Web-ClientLogin #1" time="9.892">
    <system-out><![CDATA[
@Client @ClientLogin @e2e
Scenario Outline: To check invalid mobile numbers on login screen            # src/test/java/pooja/cucumber/demo/tests/feature/user/Login.feature:34
in hooks
  Given Open browser for application                                         # pooja.cucumber.demo.tests.stepDefinations.user.LoginTests.open_browser_for_application()
  When User clicks on join Pawzeeble button                                  # pooja.cucumber.demo.tests.stepDefinations.user.LoginTests.user_clicks_on_join_pawzeeble_button()
  Then User can see label as "Mobile Number(required)" on login screen       # pooja.cucumber.demo.tests.stepDefinations.user.LoginTests.user_can_see_label_as_something_on_login_screen(java.lang.String)
  When User enter mobile number as abc on login screen                       # pooja.cucumber.demo.tests.stepDefinations.user.LoginTests.user_enter_mobile_number_as_on_login_screen(java.lang.String)
  And User click outside of mobile number                                    # pooja.cucumber.demo.tests.stepDefinations.user.LoginTests.user_click_outside_of_mobile_number()
  Then User can see send OTP button is disabled                              # pooja.cucumber.demo.tests.stepDefinations.user.LoginTests.user_can_see_send_otp_button_is_disabled()
  And User can see validation message "Incorrect Mobile No." on login screen # pooja.cucumber.demo.tests.stepDefinations.user.LoginTests.user_can_see_validation_message_something_on_login_screen(java.lang.String)
]]></system-out>
    <system-err><![CDATA[Starting ChromeDriver 105.0.5195.52 (412c95e518836d8a7d97250d62b29c2ae6a26a85-refs/branch-heads/5195@{#853}) on port 63496
Only local connections are allowed.
Please see https://chromedriver.chromium.org/security-considerations for suggestions on keeping ChromeDriver safe.
ChromeDriver was started successfully.
Mar 22, 2023 6:10:33 PM org.openqa.selenium.remote.ProtocolHandshake createSession
INFO: Detected upstream dialect: W3C
Mar 22, 2023 6:10:33 PM org.openqa.selenium.devtools.CdpVersionFinder findNearestMatch
WARNING: Unable to find an exact match for CDP version 105, so returning the closest version found: 104
Mar 22, 2023 6:10:33 PM org.openqa.selenium.devtools.CdpVersionFinder findNearestMatch
INFO: Found CDP implementation for version 105 of 104
Mar 22, 2023 6:10:41 PM pooja.cucumber.demo.utils.Log info
INFO: clearCache
Mar 22, 2023 6:10:41 PM pooja.cucumber.demo.utils.Log info
INFO: clearCookies
Mar 22, 2023 6:10:41 PM pooja.cucumber.demo.utils.Log info
INFO: clearLocalStorage
]]></system-err>
  </testcase>
  <testcase name="To check valid mobile numbers on login screen" classname="Web-ClientLogin #1" time="26.928">
    <system-out><![CDATA[
@Client @ClientLogin @e2e
Scenario: To check valid mobile numbers on login screen                     # src/test/java/pooja/cucumber/demo/tests/feature/user/Login.feature:36
in hooks
  Given Open browser for application                                        # pooja.cucumber.demo.tests.stepDefinations.user.LoginTests.open_browser_for_application()
  When User clicks on join Pawzeeble button                                 # pooja.cucumber.demo.tests.stepDefinations.user.LoginTests.user_clicks_on_join_pawzeeble_button()
  Then User can see label as "Mobile Number(required)" on login screen      # pooja.cucumber.demo.tests.stepDefinations.user.LoginTests.user_can_see_label_as_something_on_login_screen(java.lang.String)
  When User enter mobile number "8767252435" on login screen                # pooja.cucumber.demo.tests.stepDefinations.user.LoginTests.user_enter_mobile_number_something_on_login_screen(java.lang.String)
  Then User can see send OTP button is enabled                              # pooja.cucumber.demo.tests.stepDefinations.user.LoginTests.user_can_see_send_otp_button_is_enabled()
  When User clicks on Send OTP button                                       # pooja.cucumber.demo.tests.stepDefinations.user.LoginTests.user_clicks_on_send_otp_button()
  Then User can see heading message "Please provide the OTP"                # pooja.cucumber.demo.tests.stepDefinations.user.LoginTests.user_can_see_heading_message_something(java.lang.String)
  And User can see detailed message "An OTP has been sent to" on OTP screen # pooja.cucumber.demo.tests.stepDefinations.user.LoginTests.user_can_see_detailed_message_something_on_otp_screen(java.lang.String)
  And User can see label as "OTP" on OTP screen                             # pooja.cucumber.demo.tests.stepDefinations.user.LoginTests.user_can_see_label_as_something_on_otp_screen(java.lang.String)
  When User enter OTP as "098765"                                           # pooja.cucumber.demo.tests.stepDefinations.user.LoginTests.user_enter_otp_as_something(java.lang.String)
  Then Verify OTP button is enabled                                         # pooja.cucumber.demo.tests.stepDefinations.user.LoginTests.verify_otp_button_is_enabled()
  When User clicks on Verify OTP button                                     # pooja.cucumber.demo.tests.stepDefinations.user.LoginTests.user_clicks_on_verify_otp_button()
  Then User logins successfully                                             # pooja.cucumber.demo.tests.stepDefinations.user.LoginTests.user_logins_successfully()
]]></system-out>
    <system-err><![CDATA[Starting ChromeDriver 105.0.5195.52 (412c95e518836d8a7d97250d62b29c2ae6a26a85-refs/branch-heads/5195@{#853}) on port 65169
Only local connections are allowed.
Please see https://chromedriver.chromium.org/security-considerations for suggestions on keeping ChromeDriver safe.
ChromeDriver was started successfully.
Mar 22, 2023 6:10:42 PM org.openqa.selenium.remote.ProtocolHandshake createSession
INFO: Detected upstream dialect: W3C
Mar 22, 2023 6:10:43 PM org.openqa.selenium.devtools.CdpVersionFinder findNearestMatch
WARNING: Unable to find an exact match for CDP version 105, so returning the closest version found: 104
Mar 22, 2023 6:10:43 PM org.openqa.selenium.devtools.CdpVersionFinder findNearestMatch
INFO: Found CDP implementation for version 105 of 104
Mar 22, 2023 6:11:07 PM pooja.cucumber.demo.utils.Log info
INFO: clearCache
Mar 22, 2023 6:11:07 PM pooja.cucumber.demo.utils.Log info
INFO: clearCookies
Mar 22, 2023 6:11:07 PM pooja.cucumber.demo.utils.Log info
INFO: clearLocalStorage
]]></system-err>
  </testcase>
</testsuite>