[{"line":2,"elements":[{"line":4,"name":"","description":"","type":"background","keyword":"Background","steps":[{"result":{"duration":6451068600,"status":"passed"},"line":5,"name":"Open browser for application","match":{"location":"pooja.cucumber.demo.tests.stepDefinations.user.LoginTests.open_browser_for_application()"},"keyword":"Given "}]},{"start_timestamp":"2023-04-20T08:31:40.770Z","line":89,"name":"To fill correct data on new user login screen or create New User Profile","description":"","id":"new-user-login;to-fill-correct-data-on-new-user-login-screen-or-create-new-user-profile;;2","type":"scenario","keyword":"Scenario Outline","steps":[{"result":{"error_message":"Element not found {By.xpath: //p[contains(@class,'css-ftzbya')]}\r\nExpected: exist\r\nScreenshot: file:/D:/Pawzeeble-Infosol-LLP/Pawzeeble/build/reports/tests/1681979517555.0.png\r\nPage source: file:/D:/Pawzeeble-Infosol-LLP/Pawzeeble/build/reports/tests/1681979517555.0.html\r\nTimeout: 4 s.\r\nCaused by: NoSuchElementException: no such element: Unable to locate element: {\"method\":\"xpath\",\"selector\":\"//p[contains(@class,'css-ftzbya')]\"}\r\n\tat com.codeborne.selenide.impl.WebElementSource.createElementNotFoundError(WebElementSource.java:88)\r\n\tat com.codeborne.selenide.impl.ElementFinder.createElementNotFoundError(ElementFinder.java:142)\r\n\tat com.codeborne.selenide.impl.WebElementSource.handleError(WebElementSource.java:140)\r\n\tat com.codeborne.selenide.impl.WebElementSource.checkConditionAndReturnElement(WebElementSource.java:124)\r\n\tat com.codeborne.selenide.impl.WebElementSource.checkCondition(WebElementSource.java:101)\r\n\tat com.codeborne.selenide.commands.Should.execute(Should.java:30)\r\n\tat com.codeborne.selenide.commands.Should.execute(Should.java:14)\r\n\tat com.codeborne.selenide.commands.Commands.execute(Commands.java:159)\r\n\tat com.codeborne.selenide.impl.SelenideElementProxy.dispatchAndRetry(SelenideElementProxy.java:132)\r\n\tat com.codeborne.selenide.impl.SelenideElementProxy.invoke(SelenideElementProxy.java:84)\r\n\tat com.sun.proxy.$Proxy22.should(Unknown Source)\r\n\tat pooja.cucumber.demo.pageObject.client.NewUserloginForm.verifyPageHeadingDisplayed(NewUserloginForm.java:62)\r\n\tat pooja.cucumber.demo.tests.stepDefinations.user.UserProfileTests.user_on_new_user_profile_screen_with_mobile_number_as(UserProfileTests.java:105)\r\n\tat ✽.User on New User Profile screen with mobile number as 8527834259(file:///D:/Pawzeeble-Infosol-LLP/Pawzeeble/src/test/java/pooja/cucumber/demo/tests/feature/user/NewUserLogin.feature:77)\r\nCaused by: org.openqa.selenium.NoSuchElementException: no such element: Unable to locate element: {\"method\":\"xpath\",\"selector\":\"//p[contains(@class,'css-ftzbya')]\"}\n  (Session info: chrome=111.0.5563.149)\nFor documentation on this error, please visit: https://selenium.dev/exceptions/#no_such_element\nBuild info: version: '4.8.1', revision: '8ebccac989'\nSystem info: os.name: 'Windows 10', os.arch: 'amd64', os.version: '10.0', java.version: '11.0.16.1'\nDriver info: org.openqa.selenium.chrome.ChromeDriver\nCommand: [0b509795d964c40ceaf3476b1b6a4c28, findElement {using=xpath, value=//p[contains(@class,'css-ftzbya')]}]\nCapabilities {acceptInsecureCerts: true, browserName: chrome, browserVersion: 111.0.5563.149, chrome: {chromedriverVersion: 111.0.5563.64 (c710e93d5b63..., userDataDir: C:\\Users\\ue\\AppData\\Local\\T...}, goog:chromeOptions: {debuggerAddress: localhost:57772}, networkConnectionEnabled: false, pageLoadStrategy: normal, platformName: WINDOWS, proxy: Proxy(), se:cdp: ws://localhost:57772/devtoo..., se:cdpVersion: 111.0.5563.149, setWindowRect: true, strictFileInteractability: false, timeouts: {implicit: 0, pageLoad: 300000, script: 30000}, unhandledPromptBehavior: accept, webauthn:extension:credBlob: true, webauthn:extension:largeBlob: true, webauthn:extension:minPinLength: true, webauthn:extension:prf: true, webauthn:virtualAuthenticators: true}\nSession ID: 0b509795d964c40ceaf3476b1b6a4c28\r\n\tat jdk.internal.reflect.GeneratedConstructorAccessor13.newInstance(Unknown Source)\r\n\tat java.base/jdk.internal.reflect.DelegatingConstructorAccessorImpl.newInstance(DelegatingConstructorAccessorImpl.java:45)\r\n\tat java.base/java.lang.reflect.Constructor.newInstance(Constructor.java:490)\r\n\tat org.openqa.selenium.remote.codec.w3c.W3CHttpResponseCodec.createException(W3CHttpResponseCodec.java:200)\r\n\tat org.openqa.selenium.remote.codec.w3c.W3CHttpResponseCodec.decode(W3CHttpResponseCodec.java:133)\r\n\tat org.openqa.selenium.remote.codec.w3c.W3CHttpResponseCodec.decode(W3CHttpResponseCodec.java:53)\r\n\tat org.openqa.selenium.remote.HttpCommandExecutor.execute(HttpCommandExecutor.java:184)\r\n\tat org.openqa.selenium.remote.service.DriverCommandExecutor.invokeExecute(DriverCommandExecutor.java:167)\r\n\tat org.openqa.selenium.remote.service.DriverCommandExecutor.execute(DriverCommandExecutor.java:142)\r\n\tat org.openqa.selenium.remote.RemoteWebDriver.execute(RemoteWebDriver.java:543)\r\n\tat org.openqa.selenium.remote.ElementLocation$ElementFinder$2.findElement(ElementLocation.java:162)\r\n\tat org.openqa.selenium.remote.ElementLocation.findElement(ElementLocation.java:60)\r\n\tat org.openqa.selenium.remote.RemoteWebDriver.findElement(RemoteWebDriver.java:352)\r\n\tat org.openqa.selenium.remote.RemoteWebDriver.findElement(RemoteWebDriver.java:344)\r\n\tat com.codeborne.selenide.impl.WebElementSelector.findElement(WebElementSelector.java:70)\r\n\tat com.codeborne.selenide.impl.WebElementSelector.findElement(WebElementSelector.java:44)\r\n\tat com.codeborne.selenide.impl.WebElementSelector.findElement(WebElementSelector.java:33)\r\n\tat com.codeborne.selenide.impl.ElementFinder.getWebElement(ElementFinder.java:122)\r\n\tat com.codeborne.selenide.impl.WebElementSource.checkConditionAndReturnElement(WebElementSource.java:113)\r\n\tat com.codeborne.selenide.impl.WebElementSource.checkCondition(WebElementSource.java:101)\r\n\tat com.codeborne.selenide.commands.Should.execute(Should.java:30)\r\n\tat com.codeborne.selenide.commands.Should.execute(Should.java:14)\r\n\tat com.codeborne.selenide.commands.Commands.execute(Commands.java:159)\r\n\tat com.codeborne.selenide.impl.SelenideElementProxy.dispatchAndRetry(SelenideElementProxy.java:132)\r\n\tat com.codeborne.selenide.impl.SelenideElementProxy.invoke(SelenideElementProxy.java:84)\r\n\tat com.sun.proxy.$Proxy22.should(Unknown Source)\r\n\tat pooja.cucumber.demo.pageObject.client.NewUserloginForm.verifyPageHeadingDisplayed(NewUserloginForm.java:62)\r\n\tat pooja.cucumber.demo.tests.stepDefinations.user.UserProfileTests.user_on_new_user_profile_screen_with_mobile_number_as(UserProfileTests.java:105)\r\n\tat java.base/jdk.internal.reflect.NativeMethodAccessorImpl.invoke0(Native Method)\r\n\tat java.base/jdk.internal.reflect.NativeMethodAccessorImpl.invoke(NativeMethodAccessorImpl.java:62)\r\n\tat java.base/jdk.internal.reflect.DelegatingMethodAccessorImpl.invoke(DelegatingMethodAccessorImpl.java:43)\r\n\tat java.base/java.lang.reflect.Method.invoke(Method.java:566)\r\n\tat io.cucumber.java.Invoker.doInvoke(Invoker.java:66)\r\n\tat io.cucumber.java.Invoker.invoke(Invoker.java:24)\r\n\tat io.cucumber.java.AbstractGlueDefinition.invokeMethod(AbstractGlueDefinition.java:47)\r\n\tat io.cucumber.java.JavaStepDefinition.execute(JavaStepDefinition.java:29)\r\n\tat io.cucumber.core.runner.CoreStepDefinition.execute(CoreStepDefinition.java:66)\r\n\tat io.cucumber.core.runner.PickleStepDefinitionMatch.runStep(PickleStepDefinitionMatch.java:63)\r\n\tat io.cucumber.core.runner.ExecutionMode$1.execute(ExecutionMode.java:10)\r\n\tat io.cucumber.core.runner.TestStep.executeStep(TestStep.java:85)\r\n\tat io.cucumber.core.runner.TestStep.run(TestStep.java:57)\r\n\tat io.cucumber.core.runner.PickleStepTestStep.run(PickleStepTestStep.java:51)\r\n\tat io.cucumber.core.runner.TestCase.run(TestCase.java:84)\r\n\tat io.cucumber.core.runner.Runner.runPickle(Runner.java:75)\r\n\tat io.cucumber.junit.PickleRunners$NoStepDescriptions.lambda$run$0(PickleRunners.java:151)\r\n\tat io.cucumber.core.runtime.CucumberExecutionContext.lambda$runTestCase$5(CucumberExecutionContext.java:129)\r\n\tat io.cucumber.core.runtime.RethrowingThrowableCollector.executeAndThrow(RethrowingThrowableCollector.java:23)\r\n\tat io.cucumber.core.runtime.CucumberExecutionContext.runTestCase(CucumberExecutionContext.java:129)\r\n\tat io.cucumber.junit.PickleRunners$NoStepDescriptions.run(PickleRunners.java:148)\r\n\tat io.cucumber.junit.FeatureRunner.runChild(FeatureRunner.java:144)\r\n\tat io.cucumber.junit.FeatureRunner.runChild(FeatureRunner.java:28)\r\n\tat org.junit.runners.ParentRunner$4.run(ParentRunner.java:331)\r\n\tat org.junit.runners.ParentRunner$1.schedule(ParentRunner.java:79)\r\n\tat org.junit.runners.ParentRunner.runChildren(ParentRunner.java:329)\r\n\tat org.junit.runners.ParentRunner.access$100(ParentRunner.java:66)\r\n\tat org.junit.runners.ParentRunner$2.evaluate(ParentRunner.java:293)\r\n\tat org.junit.runners.ParentRunner$3.evaluate(ParentRunner.java:306)\r\n\tat org.junit.runners.ParentRunner.run(ParentRunner.java:413)\r\n\tat io.cucumber.junit.FeatureRunner.run(FeatureRunner.java:137)\r\n\tat io.cucumber.junit.Cucumber.runChild(Cucumber.java:196)\r\n\tat io.cucumber.junit.Cucumber.runChild(Cucumber.java:89)\r\n\tat org.junit.runners.ParentRunner$4.run(ParentRunner.java:331)\r\n\tat org.apache.maven.surefire.junitcore.pc.Scheduler$1.run(Scheduler.java:405)\r\n\tat org.apache.maven.surefire.junitcore.pc.InvokerStrategy.schedule(InvokerStrategy.java:54)\r\n\tat org.apache.maven.surefire.junitcore.pc.Scheduler.schedule(Scheduler.java:362)\r\n\tat org.junit.runners.ParentRunner.runChildren(ParentRunner.java:329)\r\n\tat org.junit.runners.ParentRunner.access$100(ParentRunner.java:66)\r\n\tat org.junit.runners.ParentRunner$2.evaluate(ParentRunner.java:293)\r\n\tat io.cucumber.junit.Cucumber$RunBeforeAllHooks.evaluate(Cucumber.java:266)\r\n\tat io.cucumber.junit.Cucumber$RunAfterAllHooks.evaluate(Cucumber.java:281)\r\n\tat io.cucumber.junit.Cucumber$StartTestRun.evaluate(Cucumber.java:233)\r\n\tat io.cucumber.junit.Cucumber$FinishTestRun.evaluate(Cucumber.java:248)\r\n\tat org.junit.runners.ParentRunner$3.evaluate(ParentRunner.java:306)\r\n\tat org.junit.runners.ParentRunner.run(ParentRunner.java:413)\r\n\tat org.junit.runners.Suite.runChild(Suite.java:128)\r\n\tat org.junit.runners.Suite.runChild(Suite.java:27)\r\n\tat org.junit.runners.ParentRunner$4.run(ParentRunner.java:331)\r\n\tat org.apache.maven.surefire.junitcore.pc.Scheduler$1.run(Scheduler.java:405)\r\n\tat java.base/java.util.concurrent.Executors$RunnableAdapter.call(Executors.java:515)\r\n\tat java.base/java.util.concurrent.FutureTask.run(FutureTask.java:264)\r\n\tat java.base/java.util.concurrent.ThreadPoolExecutor.runWorker(ThreadPoolExecutor.java:1128)\r\n\tat java.base/java.util.concurrent.ThreadPoolExecutor$Worker.run(ThreadPoolExecutor.java:628)\r\n\tat java.base/java.lang.Thread.run(Thread.java:834)\r\n","duration":10497007200,"status":"failed"},"line":77,"name":"User on New User Profile screen with mobile number as 8527834259","match":{"arguments":[{"val":"8527834259","offset":54}],"location":"pooja.cucumber.demo.tests.stepDefinations.user.UserProfileTests.user_on_new_user_profile_screen_with_mobile_number_as(java.lang.String)"},"keyword":"When "},{"result":{"duration":999100,"status":"skipped"},"line":78,"name":"User enter firstname as testauto on new user login screen","match":{"arguments":[{"val":"testauto","offset":24}],"location":"pooja.cucumber.demo.tests.stepDefinations.user.UserProfileTests.user_enter_firstname_as_on_new_user_login_screen(java.lang.String)"},"keyword":"And "},{"result":{"duration":998100,"status":"skipped"},"line":79,"name":"User enter email as testauto1@gmail.com on new user login screen","match":{"arguments":[{"val":"testauto1@gmail.com","offset":20}],"location":"pooja.cucumber.demo.tests.stepDefinations.user.UserProfileTests.user_enter_email_as_on_new_user_login_screen(java.lang.String)"},"keyword":"And "},{"result":{"status":"skipped"},"line":80,"name":"User enter username as testauto on new user login screen","match":{"arguments":[{"val":"testauto","offset":23}],"location":"pooja.cucumber.demo.tests.stepDefinations.user.UserProfileTests.user_enter_username_as_on_new_user_login_screen(java.lang.String)"},"keyword":"And "},{"result":{"duration":999700,"status":"skipped"},"line":81,"name":"User click on Next button on new user login screen","match":{"location":"pooja.cucumber.demo.tests.stepDefinations.user.UserProfileTests.user_click_on_next_button_on_new_user_login_screen()"},"keyword":"When "},{"result":{"duration":1000600,"status":"skipped"},"line":82,"name":"User can see heading as \"Select topics of your interests\"","match":{"arguments":[{"val":"Select topics of your interests","offset":25}],"location":"pooja.cucumber.demo.tests.stepDefinations.user.UserProfileTests.user_can_see_heading_as_something(java.lang.String)"},"keyword":"Then "},{"result":{"duration":999300,"status":"skipped"},"line":83,"name":"user selects suggested topics","match":{"location":"pooja.cucumber.demo.tests.stepDefinations.user.UserProfileTests.user_selects_suggested_topics()"},"keyword":"And "},{"result":{"duration":999900,"status":"skipped"},"line":84,"name":"User clicks on submit button","match":{"location":"pooja.cucumber.demo.tests.stepDefinations.user.UserProfileTests.user_clicks_on_submit_button()"},"keyword":"And "},{"result":{"duration":1000600,"status":"skipped"},"line":85,"name":"User can see his profile created successfully","match":{"location":"pooja.cucumber.demo.tests.stepDefinations.user.UserProfileTests.user_can_see_his_profile_created_successfully()"},"keyword":"And "}],"tags":[{"name":"@Client"},{"name":"@ClientLogin"},{"name":"@nul"},{"name":"@SmokeTest"}]}],"name":"New User Login","description":"","id":"new-user-login","keyword":"Feature","uri":"file:src/test/java/pooja/cucumber/demo/tests/feature/user/NewUserLogin.feature","tags":[{"name":"@Client","type":"Tag","location":{"line":1,"column":1}},{"name":"@ClientLogin","type":"Tag","location":{"line":1,"column":9}},{"name":"@nul","type":"Tag","location":{"line":1,"column":22}}]},{"line":2,"elements":[{"line":4,"name":"","description":"","type":"background","keyword":"Background","steps":[{"result":{"duration":684907200,"status":"passed"},"line":5,"name":"Open browser for application","match":{"location":"pooja.cucumber.demo.tests.stepDefinations.user.LoginTests.open_browser_for_application()"},"keyword":"Given "}]},{"start_timestamp":"2023-04-20T08:31:58.060Z","line":39,"name":"To create pet profile with valid data","description":"","id":"create-pet-profile;to-create-pet-profile-with-valid-data;;2","type":"scenario","keyword":"Scenario Outline","steps":[{"result":{"error_message":"Element not found {By.xpath: //p[contains(@class,'css-1lc69kt')]}\r\nExpected: visible\r\nScreenshot: file:/D:/Pawzeeble-Infosol-LLP/Pawzeeble/build/reports/tests/1681979522864.1.png\r\nPage source: file:/D:/Pawzeeble-Infosol-LLP/Pawzeeble/build/reports/tests/1681979522864.1.html\r\nTimeout: 4 s.\r\nCaused by: NoSuchElementException: no such element: Unable to locate element: {\"method\":\"xpath\",\"selector\":\"//p[contains(@class,'css-1lc69kt')]\"}\r\n\tat com.codeborne.selenide.impl.WebElementSource.createElementNotFoundError(WebElementSource.java:88)\r\n\tat com.codeborne.selenide.impl.ElementFinder.createElementNotFoundError(ElementFinder.java:142)\r\n\tat com.codeborne.selenide.impl.WebElementSource.handleError(WebElementSource.java:140)\r\n\tat com.codeborne.selenide.impl.WebElementSource.checkConditionAndReturnElement(WebElementSource.java:124)\r\n\tat com.codeborne.selenide.impl.WebElementSource.checkCondition(WebElementSource.java:101)\r\n\tat com.codeborne.selenide.commands.Should.execute(Should.java:30)\r\n\tat com.codeborne.selenide.commands.Should.execute(Should.java:14)\r\n\tat com.codeborne.selenide.commands.Commands.execute(Commands.java:159)\r\n\tat com.codeborne.selenide.impl.SelenideElementProxy.dispatchAndRetry(SelenideElementProxy.java:132)\r\n\tat com.codeborne.selenide.impl.SelenideElementProxy.invoke(SelenideElementProxy.java:84)\r\n\tat com.sun.proxy.$Proxy22.shouldBe(Unknown Source)\r\n\tat pooja.cucumber.demo.pageObject.client.PetProfile.userProfileCreatedSuccessfully(PetProfile.java:48)\r\n\tat pooja.cucumber.demo.tests.stepDefinations.user.PetProfileTests.user_sees_new_user_profile_created(PetProfileTests.java:27)\r\n\tat ✽.User sees New User Profile created(file:///D:/Pawzeeble-Infosol-LLP/Pawzeeble/src/test/java/pooja/cucumber/demo/tests/feature/user/PetProfile.feature:25)\r\nCaused by: org.openqa.selenium.NoSuchElementException: no such element: Unable to locate element: {\"method\":\"xpath\",\"selector\":\"//p[contains(@class,'css-1lc69kt')]\"}\n  (Session info: chrome=111.0.5563.149)\nFor documentation on this error, please visit: https://selenium.dev/exceptions/#no_such_element\nBuild info: version: '4.8.1', revision: '8ebccac989'\nSystem info: os.name: 'Windows 10', os.arch: 'amd64', os.version: '10.0', java.version: '11.0.16.1'\nDriver info: org.openqa.selenium.chrome.ChromeDriver\nCommand: [0b509795d964c40ceaf3476b1b6a4c28, findElement {using=xpath, value=//p[contains(@class,'css-1lc69kt')]}]\nCapabilities {acceptInsecureCerts: true, browserName: chrome, browserVersion: 111.0.5563.149, chrome: {chromedriverVersion: 111.0.5563.64 (c710e93d5b63..., userDataDir: C:\\Users\\ue\\AppData\\Local\\T...}, goog:chromeOptions: {debuggerAddress: localhost:57772}, networkConnectionEnabled: false, pageLoadStrategy: normal, platformName: WINDOWS, proxy: Proxy(), se:cdp: ws://localhost:57772/devtoo..., se:cdpVersion: 111.0.5563.149, setWindowRect: true, strictFileInteractability: false, timeouts: {implicit: 0, pageLoad: 300000, script: 30000}, unhandledPromptBehavior: accept, webauthn:extension:credBlob: true, webauthn:extension:largeBlob: true, webauthn:extension:minPinLength: true, webauthn:extension:prf: true, webauthn:virtualAuthenticators: true}\nSession ID: 0b509795d964c40ceaf3476b1b6a4c28\r\n\tat jdk.internal.reflect.GeneratedConstructorAccessor13.newInstance(Unknown Source)\r\n\tat java.base/jdk.internal.reflect.DelegatingConstructorAccessorImpl.newInstance(DelegatingConstructorAccessorImpl.java:45)\r\n\tat java.base/java.lang.reflect.Constructor.newInstance(Constructor.java:490)\r\n\tat org.openqa.selenium.remote.codec.w3c.W3CHttpResponseCodec.createException(W3CHttpResponseCodec.java:200)\r\n\tat org.openqa.selenium.remote.codec.w3c.W3CHttpResponseCodec.decode(W3CHttpResponseCodec.java:133)\r\n\tat org.openqa.selenium.remote.codec.w3c.W3CHttpResponseCodec.decode(W3CHttpResponseCodec.java:53)\r\n\tat org.openqa.selenium.remote.HttpCommandExecutor.execute(HttpCommandExecutor.java:184)\r\n\tat org.openqa.selenium.remote.service.DriverCommandExecutor.invokeExecute(DriverCommandExecutor.java:167)\r\n\tat org.openqa.selenium.remote.service.DriverCommandExecutor.execute(DriverCommandExecutor.java:142)\r\n\tat org.openqa.selenium.remote.RemoteWebDriver.execute(RemoteWebDriver.java:543)\r\n\tat org.openqa.selenium.remote.ElementLocation$ElementFinder$2.findElement(ElementLocation.java:162)\r\n\tat org.openqa.selenium.remote.ElementLocation.findElement(ElementLocation.java:60)\r\n\tat org.openqa.selenium.remote.RemoteWebDriver.findElement(RemoteWebDriver.java:352)\r\n\tat org.openqa.selenium.remote.RemoteWebDriver.findElement(RemoteWebDriver.java:344)\r\n\tat com.codeborne.selenide.impl.WebElementSelector.findElement(WebElementSelector.java:70)\r\n\tat com.codeborne.selenide.impl.WebElementSelector.findElement(WebElementSelector.java:44)\r\n\tat com.codeborne.selenide.impl.WebElementSelector.findElement(WebElementSelector.java:33)\r\n\tat com.codeborne.selenide.impl.ElementFinder.getWebElement(ElementFinder.java:122)\r\n\tat com.codeborne.selenide.impl.WebElementSource.checkConditionAndReturnElement(WebElementSource.java:113)\r\n\tat com.codeborne.selenide.impl.WebElementSource.checkCondition(WebElementSource.java:101)\r\n\tat com.codeborne.selenide.commands.Should.execute(Should.java:30)\r\n\tat com.codeborne.selenide.commands.Should.execute(Should.java:14)\r\n\tat com.codeborne.selenide.commands.Commands.execute(Commands.java:159)\r\n\tat com.codeborne.selenide.impl.SelenideElementProxy.dispatchAndRetry(SelenideElementProxy.java:132)\r\n\tat com.codeborne.selenide.impl.SelenideElementProxy.invoke(SelenideElementProxy.java:84)\r\n\tat com.sun.proxy.$Proxy22.shouldBe(Unknown Source)\r\n\tat pooja.cucumber.demo.pageObject.client.PetProfile.userProfileCreatedSuccessfully(PetProfile.java:48)\r\n\tat pooja.cucumber.demo.tests.stepDefinations.user.PetProfileTests.user_sees_new_user_profile_created(PetProfileTests.java:27)\r\n\tat java.base/jdk.internal.reflect.NativeMethodAccessorImpl.invoke0(Native Method)\r\n\tat java.base/jdk.internal.reflect.NativeMethodAccessorImpl.invoke(NativeMethodAccessorImpl.java:62)\r\n\tat java.base/jdk.internal.reflect.DelegatingMethodAccessorImpl.invoke(DelegatingMethodAccessorImpl.java:43)\r\n\tat java.base/java.lang.reflect.Method.invoke(Method.java:566)\r\n\tat io.cucumber.java.Invoker.doInvoke(Invoker.java:66)\r\n\tat io.cucumber.java.Invoker.invoke(Invoker.java:24)\r\n\tat io.cucumber.java.AbstractGlueDefinition.invokeMethod(AbstractGlueDefinition.java:47)\r\n\tat io.cucumber.java.JavaStepDefinition.execute(JavaStepDefinition.java:29)\r\n\tat io.cucumber.core.runner.CoreStepDefinition.execute(CoreStepDefinition.java:66)\r\n\tat io.cucumber.core.runner.PickleStepDefinitionMatch.runStep(PickleStepDefinitionMatch.java:63)\r\n\tat io.cucumber.core.runner.ExecutionMode$1.execute(ExecutionMode.java:10)\r\n\tat io.cucumber.core.runner.TestStep.executeStep(TestStep.java:85)\r\n\tat io.cucumber.core.runner.TestStep.run(TestStep.java:57)\r\n\tat io.cucumber.core.runner.PickleStepTestStep.run(PickleStepTestStep.java:51)\r\n\tat io.cucumber.core.runner.TestCase.run(TestCase.java:84)\r\n\tat io.cucumber.core.runner.Runner.runPickle(Runner.java:75)\r\n\tat io.cucumber.junit.PickleRunners$NoStepDescriptions.lambda$run$0(PickleRunners.java:151)\r\n\tat io.cucumber.core.runtime.CucumberExecutionContext.lambda$runTestCase$5(CucumberExecutionContext.java:129)\r\n\tat io.cucumber.core.runtime.RethrowingThrowableCollector.executeAndThrow(RethrowingThrowableCollector.java:23)\r\n\tat io.cucumber.core.runtime.CucumberExecutionContext.runTestCase(CucumberExecutionContext.java:129)\r\n\tat io.cucumber.junit.PickleRunners$NoStepDescriptions.run(PickleRunners.java:148)\r\n\tat io.cucumber.junit.FeatureRunner.runChild(FeatureRunner.java:144)\r\n\tat io.cucumber.junit.FeatureRunner.runChild(FeatureRunner.java:28)\r\n\tat org.junit.runners.ParentRunner$4.run(ParentRunner.java:331)\r\n\tat org.junit.runners.ParentRunner$1.schedule(ParentRunner.java:79)\r\n\tat org.junit.runners.ParentRunner.runChildren(ParentRunner.java:329)\r\n\tat org.junit.runners.ParentRunner.access$100(ParentRunner.java:66)\r\n\tat org.junit.runners.ParentRunner$2.evaluate(ParentRunner.java:293)\r\n\tat org.junit.runners.ParentRunner$3.evaluate(ParentRunner.java:306)\r\n\tat org.junit.runners.ParentRunner.run(ParentRunner.java:413)\r\n\tat io.cucumber.junit.FeatureRunner.run(FeatureRunner.java:137)\r\n\tat io.cucumber.junit.Cucumber.runChild(Cucumber.java:196)\r\n\tat io.cucumber.junit.Cucumber.runChild(Cucumber.java:89)\r\n\tat org.junit.runners.ParentRunner$4.run(ParentRunner.java:331)\r\n\tat org.apache.maven.surefire.junitcore.pc.Scheduler$1.run(Scheduler.java:405)\r\n\tat org.apache.maven.surefire.junitcore.pc.InvokerStrategy.schedule(InvokerStrategy.java:54)\r\n\tat org.apache.maven.surefire.junitcore.pc.Scheduler.schedule(Scheduler.java:362)\r\n\tat org.junit.runners.ParentRunner.runChildren(ParentRunner.java:329)\r\n\tat org.junit.runners.ParentRunner.access$100(ParentRunner.java:66)\r\n\tat org.junit.runners.ParentRunner$2.evaluate(ParentRunner.java:293)\r\n\tat io.cucumber.junit.Cucumber$RunBeforeAllHooks.evaluate(Cucumber.java:266)\r\n\tat io.cucumber.junit.Cucumber$RunAfterAllHooks.evaluate(Cucumber.java:281)\r\n\tat io.cucumber.junit.Cucumber$StartTestRun.evaluate(Cucumber.java:233)\r\n\tat io.cucumber.junit.Cucumber$FinishTestRun.evaluate(Cucumber.java:248)\r\n\tat org.junit.runners.ParentRunner$3.evaluate(ParentRunner.java:306)\r\n\tat org.junit.runners.ParentRunner.run(ParentRunner.java:413)\r\n\tat org.junit.runners.Suite.runChild(Suite.java:128)\r\n\tat org.junit.runners.Suite.runChild(Suite.java:27)\r\n\tat org.junit.runners.ParentRunner$4.run(ParentRunner.java:331)\r\n\tat org.apache.maven.surefire.junitcore.pc.Scheduler$1.run(Scheduler.java:405)\r\n\tat java.base/java.util.concurrent.Executors$RunnableAdapter.call(Executors.java:515)\r\n\tat java.base/java.util.concurrent.FutureTask.run(FutureTask.java:264)\r\n\tat java.base/java.util.concurrent.ThreadPoolExecutor.runWorker(ThreadPoolExecutor.java:1128)\r\n\tat java.base/java.util.concurrent.ThreadPoolExecutor$Worker.run(ThreadPoolExecutor.java:628)\r\n\tat java.base/java.lang.Thread.run(Thread.java:834)\r\n","duration":4405763100,"status":"failed"},"line":25,"name":"User sees New User Profile created","match":{"location":"pooja.cucumber.demo.tests.stepDefinations.user.PetProfileTests.user_sees_new_user_profile_created()"},"keyword":"When "},{"result":{"status":"skipped"},"line":26,"name":"User enter petname as Tiger on Pet Profile screen","match":{"arguments":[{"val":"Tiger","offset":22}],"location":"pooja.cucumber.demo.tests.stepDefinations.user.PetProfileTests.user_enter_petname_as_on_pet_profile_screen(java.lang.String)"},"keyword":"And "},{"result":{"duration":1000400,"status":"skipped"},"line":27,"name":"User enter pet username as Eliza on Pet Profile screen","match":{"arguments":[{"val":"Eliza","offset":27}],"location":"pooja.cucumber.demo.tests.stepDefinations.user.PetProfileTests.user_enter_pet_username_as_on_pet_profile_screen(java.lang.String)"},"keyword":"And "},{"result":{"status":"skipped"},"line":28,"name":"User enter birthdate as 11/11/2018 on Pet Profile screen","match":{"arguments":[{"val":"11/11/2018","offset":24}],"location":"pooja.cucumber.demo.tests.stepDefinations.user.PetProfileTests.user_enter_birthdate_as_on_pet_profile_screen(java.lang.String)"},"keyword":"And "},{"result":{"duration":999700,"status":"skipped"},"line":29,"name":"User enter animal type as dog on Pet Profile screen","match":{"arguments":[{"val":"dog","offset":26}],"location":"pooja.cucumber.demo.tests.stepDefinations.user.PetProfileTests.user_enter_animal_type_as_on_pet_profile_screen(java.lang.String)"},"keyword":"And "},{"result":{"status":"skipped"},"line":30,"name":"User enter primary breed as american on Pet Profile screen","match":{"arguments":[{"val":"american","offset":28}],"location":"pooja.cucumber.demo.tests.stepDefinations.user.PetProfileTests.user_enter_primary_breed_as_on_pet_profile_screen(java.lang.String)"},"keyword":"And "},{"result":{"status":"skipped"},"line":31,"name":"User enter secondary breed as american on Pet Profile screen","match":{"arguments":[{"val":"american","offset":30}],"location":"pooja.cucumber.demo.tests.stepDefinations.user.PetProfileTests.user_enter_secondary_breed_as_on_pet_profile_screen(java.lang.String)"},"keyword":"And "},{"result":{"status":"skipped"},"line":32,"name":"User enter petbio as Eat, sleep, cuddle, repeat on Pet Profile screen","match":{"arguments":[{"val":"Eat, sleep, cuddle, repeat","offset":21}],"location":"pooja.cucumber.demo.tests.stepDefinations.user.PetProfileTests.user_enter_petbio_as_on_pet_profile_screen(java.lang.String)"},"keyword":"And "},{"result":{"status":"skipped"},"line":33,"name":"User select gender on Pet Profile screen","match":{"location":"pooja.cucumber.demo.tests.stepDefinations.user.PetProfileTests.user_select_gender_on_pet_profile_screen()"},"keyword":"And "},{"result":{"status":"skipped"},"line":34,"name":"User clicks on next button","match":{"location":"pooja.cucumber.demo.tests.stepDefinations.user.PetProfileTests.user_clicks_on_next_button()"},"keyword":"When "},{"result":{"duration":998700,"status":"skipped"},"line":35,"name":"pet profile created successfully","match":{"location":"pooja.cucumber.demo.tests.stepDefinations.user.PetProfileTests.pet_profile_created_successfully()"},"keyword":"Then "}],"tags":[{"name":"@Client"},{"name":"@ClientLogin"},{"name":"@e2elocationtest"},{"name":"@SmokeTest"}]}],"name":"Create Pet Profile","description":"","id":"create-pet-profile","keyword":"Feature","uri":"file:src/test/java/pooja/cucumber/demo/tests/feature/user/PetProfile.feature","tags":[{"name":"@Client","type":"Tag","location":{"line":1,"column":2}},{"name":"@ClientLogin","type":"Tag","location":{"line":1,"column":10}},{"name":"@e2elocationtest","type":"Tag","location":{"line":1,"column":23}}]}]